[07:51:18] [rank7] INFO Rank 7/8 — device: cuda:0
[07:51:18] [rank7] INFO This rank evaluates 2 model(s): ['RA-ALTA/fr-en-beginner', 'RA-ALTA/de-en-fluent']
[07:51:18] [rank7] INFO Rank 7: waiting for rank-0 to write BLiMP cache …
[07:51:18] [rank7] INFO Loading BLiMP pairs from cache: /root/beetle-analyze/alta_blimp_results/.blimp_cache.pkl
[07:51:18] [rank7] INFO Evaluating on 67 BLiMP phenomena.

[07:51:18] [rank7] INFO ============================================================
[07:51:18] [rank7] INFO Model: RA-ALTA/fr-en-beginner
[07:51:18] [rank7] INFO   67/67 phenomena to evaluate.
[07:51:19] [rank7] INFO HTTP Request: HEAD https://huggingface.co/RA-ALTA/fr-en-beginner/resolve/main/config.json "HTTP/1.1 307 Temporary Redirect"
Warning: You are sending unauthenticated requests to the HF Hub. Please set a HF_TOKEN to enable higher rate limits and faster downloads.
[07:51:19] [rank7] WARNING Warning: You are sending unauthenticated requests to the HF Hub. Please set a HF_TOKEN to enable higher rate limits and faster downloads.
[07:51:19] [rank7] INFO HTTP Request: HEAD https://huggingface.co/api/resolve-cache/models/RA-ALTA/fr-en-beginner/0b5131af575613bd417f82764494e3ad6704953d/config.json "HTTP/1.1 200 OK"
[07:51:19] [rank7] INFO HTTP Request: GET https://huggingface.co/api/resolve-cache/models/RA-ALTA/fr-en-beginner/0b5131af575613bd417f82764494e3ad6704953d/config.json "HTTP/1.1 200 OK"
`torch_dtype` is deprecated! Use `dtype` instead!
[07:51:19] [rank7] INFO HTTP Request: HEAD https://huggingface.co/RA-ALTA/fr-en-beginner/resolve/main/model.safetensors "HTTP/1.1 302 Found"
[07:51:19] [rank7] INFO HTTP Request: GET https://huggingface.co/api/models/RA-ALTA/fr-en-beginner/xet-read-token/0b5131af575613bd417f82764494e3ad6704953d "HTTP/1.1 200 OK"
Loading weights:   0%|          | 0/292 [00:00<?, ?it/s]Loading weights: 100%|██████████| 292/292 [00:00<00:00, 3598.31it/s]
[07:51:28] [rank7] INFO HTTP Request: HEAD https://huggingface.co/RA-ALTA/fr-en-beginner/resolve/main/generation_config.json "HTTP/1.1 307 Temporary Redirect"
[07:51:28] [rank7] INFO HTTP Request: HEAD https://huggingface.co/api/resolve-cache/models/RA-ALTA/fr-en-beginner/0b5131af575613bd417f82764494e3ad6704953d/generation_config.json "HTTP/1.1 200 OK"
[07:51:28] [rank7] INFO HTTP Request: GET https://huggingface.co/api/resolve-cache/models/RA-ALTA/fr-en-beginner/0b5131af575613bd417f82764494e3ad6704953d/generation_config.json "HTTP/1.1 200 OK"
[07:51:28] [rank7] INFO HTTP Request: HEAD https://huggingface.co/RA-ALTA/fr-en-beginner/resolve/main/custom_generate/generate.py "HTTP/1.1 404 Not Found"
[07:51:29] [rank7] INFO HTTP Request: HEAD https://huggingface.co/RA-ALTA/fr-en-beginner/resolve/main/config.json "HTTP/1.1 307 Temporary Redirect"
[07:51:29] [rank7] INFO HTTP Request: HEAD https://huggingface.co/api/resolve-cache/models/RA-ALTA/fr-en-beginner/0b5131af575613bd417f82764494e3ad6704953d/config.json "HTTP/1.1 200 OK"
[07:51:29] [rank7] INFO HTTP Request: HEAD https://huggingface.co/RA-ALTA/fr-en-beginner/resolve/main/tokenizer_config.json "HTTP/1.1 307 Temporary Redirect"
[07:51:29] [rank7] INFO HTTP Request: HEAD https://huggingface.co/api/resolve-cache/models/RA-ALTA/fr-en-beginner/0b5131af575613bd417f82764494e3ad6704953d/tokenizer_config.json "HTTP/1.1 200 OK"
[07:51:29] [rank7] INFO HTTP Request: GET https://huggingface.co/api/resolve-cache/models/RA-ALTA/fr-en-beginner/0b5131af575613bd417f82764494e3ad6704953d/tokenizer_config.json "HTTP/1.1 200 OK"
[07:51:29] [rank7] INFO HTTP Request: HEAD https://huggingface.co/RA-ALTA/fr-en-beginner/resolve/main/tokenizer_config.json "HTTP/1.1 307 Temporary Redirect"
[07:51:29] [rank7] INFO HTTP Request: HEAD https://huggingface.co/api/resolve-cache/models/RA-ALTA/fr-en-beginner/0b5131af575613bd417f82764494e3ad6704953d/tokenizer_config.json "HTTP/1.1 200 OK"
[07:51:29] [rank7] INFO HTTP Request: GET https://huggingface.co/api/models/RA-ALTA/fr-en-beginner/tree/main/additional_chat_templates?recursive=false&expand=false "HTTP/1.1 404 Not Found"
[07:51:29] [rank7] INFO HTTP Request: GET https://huggingface.co/api/models/RA-ALTA/fr-en-beginner/tree/main?recursive=true&expand=false "HTTP/1.1 200 OK"
[07:51:30] [rank7] INFO HTTP Request: HEAD https://huggingface.co/RA-ALTA/fr-en-beginner/resolve/main/tokenizer.json "HTTP/1.1 307 Temporary Redirect"
[07:51:30] [rank7] INFO HTTP Request: HEAD https://huggingface.co/api/resolve-cache/models/RA-ALTA/fr-en-beginner/0b5131af575613bd417f82764494e3ad6704953d/tokenizer.json "HTTP/1.1 200 OK"
[07:51:30] [rank7] INFO HTTP Request: GET https://huggingface.co/api/resolve-cache/models/RA-ALTA/fr-en-beginner/0b5131af575613bd417f82764494e3ad6704953d/tokenizer.json "HTTP/1.1 200 OK"
[07:51:30] [rank7] INFO HTTP Request: HEAD https://huggingface.co/RA-ALTA/fr-en-beginner/resolve/main/tokenizer.model "HTTP/1.1 404 Not Found"
[07:51:30] [rank7] INFO HTTP Request: HEAD https://huggingface.co/RA-ALTA/fr-en-beginner/resolve/main/added_tokens.json "HTTP/1.1 404 Not Found"
[07:51:30] [rank7] INFO HTTP Request: HEAD https://huggingface.co/RA-ALTA/fr-en-beginner/resolve/main/special_tokens_map.json "HTTP/1.1 404 Not Found"
[07:51:30] [rank7] INFO HTTP Request: HEAD https://huggingface.co/RA-ALTA/fr-en-beginner/resolve/main/chat_template.jinja "HTTP/1.1 404 Not Found"
[07:51:31] [rank7] INFO   Model loaded.
[07:51:33] [rank7] INFO   adjunct_island                                 acc=0.8050  (805/1000)
[07:51:34] [rank7] INFO   anaphor_gender_agreement                       acc=0.6290  (629/1000)
[07:51:35] [rank7] INFO   anaphor_number_agreement                       acc=0.8990  (899/1000)
[07:51:37] [rank7] INFO   animate_subject_passive                        acc=0.7070  (707/1000)
[07:51:38] [rank7] INFO   animate_subject_trans                          acc=0.8820  (882/1000)
[07:51:39] [rank7] INFO   causative                                      acc=0.5960  (596/1000)
[07:51:40] [rank7] INFO   complex_NP_island                              acc=0.5590  (559/1000)
[07:51:42] [rank7] INFO   coordinate_structure_constraint_complex_left_branch  acc=0.3440  (344/1000)
[07:51:43] [rank7] INFO   coordinate_structure_constraint_object_extraction  acc=0.8080  (808/1000)
[07:51:44] [rank7] INFO   determiner_noun_agreement_1                    acc=0.9520  (952/1000)
[07:51:46] [rank7] INFO   determiner_noun_agreement_2                    acc=0.9340  (934/1000)
[07:51:47] [rank7] INFO   determiner_noun_agreement_irregular_1          acc=0.8280  (828/1000)
[07:51:48] [rank7] INFO   determiner_noun_agreement_irregular_2          acc=0.8950  (895/1000)
[07:51:49] [rank7] INFO   determiner_noun_agreement_with_adj_2           acc=0.8990  (899/1000)
[07:51:51] [rank7] INFO   determiner_noun_agreement_with_adj_irregular_1  acc=0.8040  (804/1000)
[07:51:52] [rank7] INFO   determiner_noun_agreement_with_adj_irregular_2  acc=0.8720  (872/1000)
[07:51:53] [rank7] INFO   determiner_noun_agreement_with_adjective_1     acc=0.9040  (904/1000)
[07:51:54] [rank7] INFO   distractor_agreement_relational_noun           acc=0.6960  (696/1000)
[07:51:56] [rank7] INFO   distractor_agreement_relative_clause           acc=0.4570  (457/1000)
[07:51:57] [rank7] INFO   drop_argument                                  acc=0.7500  (750/1000)
[07:51:58] [rank7] INFO   ellipsis_n_bar_1                               acc=0.6640  (664/1000)
[07:52:00] [rank7] INFO   ellipsis_n_bar_2                               acc=0.8180  (818/1000)
[07:52:01] [rank7] INFO   existential_there_object_raising               acc=0.8280  (828/1000)
[07:52:02] [rank7] INFO   existential_there_quantifiers_1                acc=0.9630  (963/1000)
[07:52:03] [rank7] INFO   existential_there_quantifiers_2                acc=0.2830  (283/1000)
[07:52:05] [rank7] INFO   existential_there_subject_raising              acc=0.8650  (865/1000)
[07:52:06] [rank7] INFO   expletive_it_object_raising                    acc=0.7620  (762/1000)
[07:52:07] [rank7] INFO   inchoative                                     acc=0.5500  (550/1000)
[07:52:09] [rank7] INFO   intransitive                                   acc=0.6610  (661/1000)
[07:52:10] [rank7] INFO   irregular_past_participle_adjectives           acc=0.9280  (928/1000)
[07:52:11] [rank7] INFO   irregular_past_participle_verbs                acc=0.8530  (853/1000)
[07:52:12] [rank7] INFO   irregular_plural_subject_verb_agreement_1      acc=0.8310  (831/1000)
[07:52:14] [rank7] INFO   irregular_plural_subject_verb_agreement_2      acc=0.8120  (812/1000)
[07:52:15] [rank7] INFO   left_branch_island_echo_question               acc=0.4190  (419/1000)
[07:52:16] [rank7] INFO   left_branch_island_simple_question             acc=0.3350  (335/1000)
[07:52:17] [rank7] INFO   matrix_question_npi_licensor_present           acc=0.2070  (207/1000)
[07:52:19] [rank7] INFO   npi_present_1                                  acc=0.3210  (321/1000)
[07:52:20] [rank7] INFO   npi_present_2                                  acc=0.3380  (338/1000)
[07:52:21] [rank7] INFO   only_npi_licensor_present                      acc=0.5000  (500/1000)
[07:52:23] [rank7] INFO   only_npi_scope                                 acc=0.2220  (222/1000)
[07:52:24] [rank7] INFO   passive_1                                      acc=0.8520  (852/1000)
[07:52:25] [rank7] INFO   passive_2                                      acc=0.8660  (866/1000)
[07:52:26] [rank7] INFO   principle_A_c_command                          acc=0.6410  (641/1000)
[07:52:28] [rank7] INFO   principle_A_case_1                             acc=1.0000  (1000/1000)
[07:52:29] [rank7] INFO   principle_A_case_2                             acc=0.8840  (884/1000)
[07:52:30] [rank7] INFO   principle_A_domain_1                           acc=0.9770  (977/1000)
[07:52:31] [rank7] INFO   principle_A_domain_2                           acc=0.7620  (762/1000)
[07:52:33] [rank7] INFO   principle_A_domain_3                           acc=0.6350  (635/1000)
[07:52:34] [rank7] INFO   principle_A_reconstruction                     acc=0.3370  (337/1000)
[07:52:35] [rank7] INFO   regular_plural_subject_verb_agreement_1        acc=0.8530  (853/1000)
[07:52:36] [rank7] INFO   regular_plural_subject_verb_agreement_2        acc=0.7800  (780/1000)
[07:52:38] [rank7] INFO   sentential_negation_npi_licensor_present       acc=0.9730  (973/1000)
[07:52:39] [rank7] INFO   sentential_negation_npi_scope                  acc=0.3750  (375/1000)
[07:52:40] [rank7] INFO   sentential_subject_island                      acc=0.2970  (297/1000)
[07:52:41] [rank7] INFO   superlative_quantifiers_1                      acc=0.7040  (704/1000)
[07:52:43] [rank7] INFO   superlative_quantifiers_2                      acc=0.7310  (731/1000)
[07:52:44] [rank7] INFO   tough_vs_raising_1                             acc=0.3680  (368/1000)
[07:52:45] [rank7] INFO   tough_vs_raising_2                             acc=0.8870  (887/1000)
[07:52:46] [rank7] INFO   transitive                                     acc=0.7790  (779/1000)
[07:52:48] [rank7] INFO   wh_island                                      acc=0.7170  (717/1000)
[07:52:49] [rank7] INFO   wh_questions_object_gap                        acc=0.5790  (579/1000)
[07:52:50] [rank7] INFO   wh_questions_subject_gap                       acc=0.8240  (824/1000)
[07:52:51] [rank7] INFO   wh_questions_subject_gap_long_distance         acc=0.8760  (876/1000)
[07:52:52] [rank7] INFO   wh_vs_that_no_gap                              acc=0.9440  (944/1000)
[07:52:53] [rank7] INFO   wh_vs_that_no_gap_long_distance                acc=0.9630  (963/1000)
[07:52:54] [rank7] INFO   wh_vs_that_with_gap                            acc=0.3050  (305/1000)
[07:52:56] [rank7] INFO   wh_vs_that_with_gap_long_distance              acc=0.1430  (143/1000)
[07:52:56] [rank7] INFO   ── Mean BLiMP accuracy across 67 phenomena: 0.6930
[07:52:56] [rank7] INFO   Model freed.

[07:52:56] [rank7] INFO ============================================================
[07:52:56] [rank7] INFO Model: RA-ALTA/de-en-fluent
[07:52:56] [rank7] INFO   67/67 phenomena to evaluate.
[07:52:56] [rank7] INFO HTTP Request: HEAD https://huggingface.co/RA-ALTA/de-en-fluent/resolve/main/config.json "HTTP/1.1 307 Temporary Redirect"
[07:52:57] [rank7] INFO HTTP Request: HEAD https://huggingface.co/api/resolve-cache/models/RA-ALTA/de-en-fluent/95c5958912ecc65cc5a4c09dbcf8145eb5e95759/config.json "HTTP/1.1 200 OK"
[07:52:57] [rank7] INFO HTTP Request: GET https://huggingface.co/api/resolve-cache/models/RA-ALTA/de-en-fluent/95c5958912ecc65cc5a4c09dbcf8145eb5e95759/config.json "HTTP/1.1 200 OK"
[07:52:57] [rank7] INFO HTTP Request: HEAD https://huggingface.co/RA-ALTA/de-en-fluent/resolve/main/model.safetensors "HTTP/1.1 302 Found"
[07:52:57] [rank7] INFO HTTP Request: GET https://huggingface.co/api/models/RA-ALTA/de-en-fluent/xet-read-token/95c5958912ecc65cc5a4c09dbcf8145eb5e95759 "HTTP/1.1 200 OK"
Loading weights:   0%|          | 0/292 [00:00<?, ?it/s]Loading weights: 100%|██████████| 292/292 [00:00<00:00, 3469.73it/s]
[07:53:05] [rank7] INFO HTTP Request: HEAD https://huggingface.co/RA-ALTA/de-en-fluent/resolve/main/generation_config.json "HTTP/1.1 307 Temporary Redirect"
[07:53:05] [rank7] INFO HTTP Request: HEAD https://huggingface.co/api/resolve-cache/models/RA-ALTA/de-en-fluent/95c5958912ecc65cc5a4c09dbcf8145eb5e95759/generation_config.json "HTTP/1.1 200 OK"
[07:53:05] [rank7] INFO HTTP Request: GET https://huggingface.co/api/resolve-cache/models/RA-ALTA/de-en-fluent/95c5958912ecc65cc5a4c09dbcf8145eb5e95759/generation_config.json "HTTP/1.1 200 OK"
[07:53:05] [rank7] INFO HTTP Request: HEAD https://huggingface.co/RA-ALTA/de-en-fluent/resolve/main/custom_generate/generate.py "HTTP/1.1 404 Not Found"
[07:53:06] [rank7] INFO HTTP Request: HEAD https://huggingface.co/RA-ALTA/de-en-fluent/resolve/main/config.json "HTTP/1.1 307 Temporary Redirect"
[07:53:06] [rank7] INFO HTTP Request: HEAD https://huggingface.co/api/resolve-cache/models/RA-ALTA/de-en-fluent/95c5958912ecc65cc5a4c09dbcf8145eb5e95759/config.json "HTTP/1.1 200 OK"
[07:53:06] [rank7] INFO HTTP Request: HEAD https://huggingface.co/RA-ALTA/de-en-fluent/resolve/main/tokenizer_config.json "HTTP/1.1 307 Temporary Redirect"
[07:53:06] [rank7] INFO HTTP Request: HEAD https://huggingface.co/api/resolve-cache/models/RA-ALTA/de-en-fluent/95c5958912ecc65cc5a4c09dbcf8145eb5e95759/tokenizer_config.json "HTTP/1.1 200 OK"
[07:53:06] [rank7] INFO HTTP Request: GET https://huggingface.co/api/resolve-cache/models/RA-ALTA/de-en-fluent/95c5958912ecc65cc5a4c09dbcf8145eb5e95759/tokenizer_config.json "HTTP/1.1 200 OK"
[07:53:06] [rank7] INFO HTTP Request: HEAD https://huggingface.co/RA-ALTA/de-en-fluent/resolve/main/tokenizer_config.json "HTTP/1.1 307 Temporary Redirect"
[07:53:06] [rank7] INFO HTTP Request: HEAD https://huggingface.co/api/resolve-cache/models/RA-ALTA/de-en-fluent/95c5958912ecc65cc5a4c09dbcf8145eb5e95759/tokenizer_config.json "HTTP/1.1 200 OK"
[07:53:06] [rank7] INFO HTTP Request: GET https://huggingface.co/api/models/RA-ALTA/de-en-fluent/tree/main/additional_chat_templates?recursive=false&expand=false "HTTP/1.1 404 Not Found"
[07:53:06] [rank7] INFO HTTP Request: GET https://huggingface.co/api/models/RA-ALTA/de-en-fluent/tree/main?recursive=true&expand=false "HTTP/1.1 200 OK"
[07:53:06] [rank7] INFO HTTP Request: HEAD https://huggingface.co/RA-ALTA/de-en-fluent/resolve/main/tokenizer.json "HTTP/1.1 307 Temporary Redirect"
[07:53:06] [rank7] INFO HTTP Request: HEAD https://huggingface.co/api/resolve-cache/models/RA-ALTA/de-en-fluent/95c5958912ecc65cc5a4c09dbcf8145eb5e95759/tokenizer.json "HTTP/1.1 200 OK"
[07:53:06] [rank7] INFO HTTP Request: GET https://huggingface.co/api/resolve-cache/models/RA-ALTA/de-en-fluent/95c5958912ecc65cc5a4c09dbcf8145eb5e95759/tokenizer.json "HTTP/1.1 200 OK"
[07:53:07] [rank7] INFO HTTP Request: HEAD https://huggingface.co/RA-ALTA/de-en-fluent/resolve/main/tokenizer.model "HTTP/1.1 404 Not Found"
[07:53:07] [rank7] INFO HTTP Request: HEAD https://huggingface.co/RA-ALTA/de-en-fluent/resolve/main/added_tokens.json "HTTP/1.1 404 Not Found"
[07:53:07] [rank7] INFO HTTP Request: HEAD https://huggingface.co/RA-ALTA/de-en-fluent/resolve/main/special_tokens_map.json "HTTP/1.1 404 Not Found"
[07:53:07] [rank7] INFO HTTP Request: HEAD https://huggingface.co/RA-ALTA/de-en-fluent/resolve/main/chat_template.jinja "HTTP/1.1 404 Not Found"
[07:53:07] [rank7] INFO   Model loaded.
[07:53:08] [rank7] INFO   adjunct_island                                 acc=0.7910  (791/1000)
[07:53:10] [rank7] INFO   anaphor_gender_agreement                       acc=0.8720  (872/1000)
[07:53:11] [rank7] INFO   anaphor_number_agreement                       acc=0.9600  (960/1000)
[07:53:12] [rank7] INFO   animate_subject_passive                        acc=0.7370  (737/1000)
[07:53:13] [rank7] INFO   animate_subject_trans                          acc=0.8780  (878/1000)
[07:53:15] [rank7] INFO   causative                                      acc=0.6350  (635/1000)
[07:53:16] [rank7] INFO   complex_NP_island                              acc=0.6050  (605/1000)
[07:53:17] [rank7] INFO   coordinate_structure_constraint_complex_left_branch  acc=0.4490  (449/1000)
[07:53:19] [rank7] INFO   coordinate_structure_constraint_object_extraction  acc=0.8030  (803/1000)
[07:53:20] [rank7] INFO   determiner_noun_agreement_1                    acc=0.9760  (976/1000)
[07:53:21] [rank7] INFO   determiner_noun_agreement_2                    acc=0.9430  (943/1000)
[07:53:23] [rank7] INFO   determiner_noun_agreement_irregular_1          acc=0.9020  (902/1000)
[07:53:24] [rank7] INFO   determiner_noun_agreement_irregular_2          acc=0.9100  (910/1000)
[07:53:25] [rank7] INFO   determiner_noun_agreement_with_adj_2           acc=0.9080  (908/1000)
[07:53:26] [rank7] INFO   determiner_noun_agreement_with_adj_irregular_1  acc=0.8900  (890/1000)
[07:53:28] [rank7] INFO   determiner_noun_agreement_with_adj_irregular_2  acc=0.8940  (894/1000)
[07:53:29] [rank7] INFO   determiner_noun_agreement_with_adjective_1     acc=0.9420  (942/1000)
[07:53:30] [rank7] INFO   distractor_agreement_relational_noun           acc=0.8630  (863/1000)
[07:53:32] [rank7] INFO   distractor_agreement_relative_clause           acc=0.6630  (663/1000)
[07:53:33] [rank7] INFO   drop_argument                                  acc=0.7740  (774/1000)
[07:53:34] [rank7] INFO   ellipsis_n_bar_1                               acc=0.7850  (785/1000)
[07:53:35] [rank7] INFO   ellipsis_n_bar_2                               acc=0.8280  (828/1000)
[07:53:37] [rank7] INFO   existential_there_object_raising               acc=0.7430  (743/1000)
[07:53:38] [rank7] INFO   existential_there_quantifiers_1                acc=0.9770  (977/1000)
[07:53:39] [rank7] INFO   existential_there_quantifiers_2                acc=0.3500  (350/1000)
[07:53:41] [rank7] INFO   existential_there_subject_raising              acc=0.8660  (866/1000)
[07:53:42] [rank7] INFO   expletive_it_object_raising                    acc=0.7170  (717/1000)
[07:53:43] [rank7] INFO   inchoative                                     acc=0.6070  (607/1000)
[07:53:45] [rank7] INFO   intransitive                                   acc=0.7600  (760/1000)
[07:53:46] [rank7] INFO   irregular_past_participle_adjectives           acc=0.9550  (955/1000)
[07:53:47] [rank7] INFO   irregular_past_participle_verbs                acc=0.8390  (839/1000)
[07:53:48] [rank7] INFO   irregular_plural_subject_verb_agreement_1      acc=0.8680  (868/1000)
[07:53:50] [rank7] INFO   irregular_plural_subject_verb_agreement_2      acc=0.8890  (889/1000)
[07:53:51] [rank7] INFO   left_branch_island_echo_question               acc=0.4650  (465/1000)
[07:53:52] [rank7] INFO   left_branch_island_simple_question             acc=0.5400  (540/1000)
[07:53:54] [rank7] INFO   matrix_question_npi_licensor_present           acc=0.3370  (337/1000)
[07:53:55] [rank7] INFO   npi_present_1                                  acc=0.5050  (505/1000)
[07:53:56] [rank7] INFO   npi_present_2                                  acc=0.5220  (522/1000)
[07:53:57] [rank7] INFO   only_npi_licensor_present                      acc=0.5890  (589/1000)
[07:53:59] [rank7] INFO   only_npi_scope                                 acc=0.2350  (235/1000)
[07:54:00] [rank7] INFO   passive_1                                      acc=0.8820  (882/1000)
[07:54:01] [rank7] INFO   passive_2                                      acc=0.8770  (877/1000)
[07:54:03] [rank7] INFO   principle_A_c_command                          acc=0.6050  (605/1000)
[07:54:04] [rank7] INFO   principle_A_case_1                             acc=0.9980  (998/1000)
[07:54:05] [rank7] INFO   principle_A_case_2                             acc=0.9190  (919/1000)
[07:54:06] [rank7] INFO   principle_A_domain_1                           acc=0.9740  (974/1000)
[07:54:08] [rank7] INFO   principle_A_domain_2                           acc=0.7910  (791/1000)
[07:54:09] [rank7] INFO   principle_A_domain_3                           acc=0.5870  (587/1000)
[07:54:10] [rank7] INFO   principle_A_reconstruction                     acc=0.3190  (319/1000)
[07:54:12] [rank7] INFO   regular_plural_subject_verb_agreement_1        acc=0.8740  (874/1000)
[07:54:13] [rank7] INFO   regular_plural_subject_verb_agreement_2        acc=0.8540  (854/1000)
[07:54:14] [rank7] INFO   sentential_negation_npi_licensor_present       acc=0.9980  (998/1000)
[07:54:15] [rank7] INFO   sentential_negation_npi_scope                  acc=0.5170  (517/1000)
[07:54:17] [rank7] INFO   sentential_subject_island                      acc=0.4030  (403/1000)
[07:54:18] [rank7] INFO   superlative_quantifiers_1                      acc=0.8010  (801/1000)
[07:54:19] [rank7] INFO   superlative_quantifiers_2                      acc=0.8050  (805/1000)
[07:54:20] [rank7] INFO   tough_vs_raising_1                             acc=0.3950  (395/1000)
[07:54:22] [rank7] INFO   tough_vs_raising_2                             acc=0.9200  (920/1000)
[07:54:23] [rank7] INFO   transitive                                     acc=0.7870  (787/1000)
[07:54:24] [rank7] INFO   wh_island                                      acc=0.6970  (697/1000)
[07:54:25] [rank7] INFO   wh_questions_object_gap                        acc=0.6700  (670/1000)
[07:54:26] [rank7] INFO   wh_questions_subject_gap                       acc=0.9310  (931/1000)
[07:54:27] [rank7] INFO   wh_questions_subject_gap_long_distance         acc=0.9140  (914/1000)
[07:54:29] [rank7] INFO   wh_vs_that_no_gap                              acc=0.9810  (981/1000)
[07:54:30] [rank7] INFO   wh_vs_that_no_gap_long_distance                acc=0.9880  (988/1000)
[07:54:31] [rank7] INFO   wh_vs_that_with_gap                            acc=0.4510  (451/1000)
[07:54:32] [rank7] INFO   wh_vs_that_with_gap_long_distance              acc=0.1960  (196/1000)
[07:54:32] [rank7] INFO   ── Mean BLiMP accuracy across 67 phenomena: 0.7449
[07:54:32] [rank7] INFO   Model freed.

[07:54:32] [rank7] INFO Done. Results written to: /root/beetle-analyze/alta_blimp_results/blimp_results_alta.csv
