[11:10:17] [rank5] INFO Rank 5/8 — device: cuda:0
[11:10:17] [rank5] INFO This rank evaluates 2 model(s): ['RA-ALTA/tr-en-beginner', 'RA-ALTA/ar-en-fluent']
[11:10:17] [rank5] INFO Rank 5: waiting for rank-0 to write BLiMP cache …
[11:11:03] [rank5] INFO Loading BLiMP pairs from cache: /root/beetle-analyze/alta_blimp_results/.blimp_cache.pkl
[11:11:03] [rank5] INFO Evaluating on 67 BLiMP phenomena.

[11:11:03] [rank5] INFO ============================================================
[11:11:03] [rank5] INFO Model: RA-ALTA/tr-en-beginner
[11:11:03] [rank5] INFO   67/67 phenomena to evaluate.
[11:11:03] [rank5] INFO HTTP Request: HEAD https://huggingface.co/RA-ALTA/tr-en-beginner/resolve/main/config.json "HTTP/1.1 307 Temporary Redirect"
[11:11:03] [rank5] INFO HTTP Request: HEAD https://huggingface.co/api/resolve-cache/models/RA-ALTA/tr-en-beginner/9cd452151aa37e4747774d8ca844df008cb700c0/config.json "HTTP/1.1 200 OK"
[11:11:04] [rank5] INFO HTTP Request: GET https://huggingface.co/api/resolve-cache/models/RA-ALTA/tr-en-beginner/9cd452151aa37e4747774d8ca844df008cb700c0/config.json "HTTP/1.1 200 OK"
`torch_dtype` is deprecated! Use `dtype` instead!
[11:11:04] [rank5] INFO HTTP Request: HEAD https://huggingface.co/RA-ALTA/tr-en-beginner/resolve/main/model.safetensors "HTTP/1.1 302 Found"
[11:11:04] [rank5] INFO HTTP Request: GET https://huggingface.co/api/models/RA-ALTA/tr-en-beginner/xet-read-token/9cd452151aa37e4747774d8ca844df008cb700c0 "HTTP/1.1 200 OK"
Loading weights:   0%|          | 0/292 [00:00<?, ?it/s]Loading weights: 100%|██████████| 292/292 [00:00<00:00, 4569.93it/s]
[11:11:17] [rank5] INFO HTTP Request: HEAD https://huggingface.co/RA-ALTA/tr-en-beginner/resolve/main/generation_config.json "HTTP/1.1 307 Temporary Redirect"
[11:11:17] [rank5] INFO HTTP Request: HEAD https://huggingface.co/api/resolve-cache/models/RA-ALTA/tr-en-beginner/9cd452151aa37e4747774d8ca844df008cb700c0/generation_config.json "HTTP/1.1 200 OK"
[11:11:17] [rank5] INFO HTTP Request: GET https://huggingface.co/api/resolve-cache/models/RA-ALTA/tr-en-beginner/9cd452151aa37e4747774d8ca844df008cb700c0/generation_config.json "HTTP/1.1 200 OK"
[11:11:17] [rank5] INFO HTTP Request: HEAD https://huggingface.co/RA-ALTA/tr-en-beginner/resolve/main/custom_generate/generate.py "HTTP/1.1 404 Not Found"
Warning: You are sending unauthenticated requests to the HF Hub. Please set a HF_TOKEN to enable higher rate limits and faster downloads.
[11:11:17] [rank5] WARNING Warning: You are sending unauthenticated requests to the HF Hub. Please set a HF_TOKEN to enable higher rate limits and faster downloads.
[11:11:17] [rank5] INFO HTTP Request: HEAD https://huggingface.co/RA-ALTA/tr-en-beginner/resolve/main/config.json "HTTP/1.1 307 Temporary Redirect"
[11:11:17] [rank5] INFO HTTP Request: HEAD https://huggingface.co/api/resolve-cache/models/RA-ALTA/tr-en-beginner/9cd452151aa37e4747774d8ca844df008cb700c0/config.json "HTTP/1.1 200 OK"
[11:11:17] [rank5] INFO HTTP Request: HEAD https://huggingface.co/RA-ALTA/tr-en-beginner/resolve/main/tokenizer_config.json "HTTP/1.1 307 Temporary Redirect"
[11:11:17] [rank5] INFO HTTP Request: HEAD https://huggingface.co/api/resolve-cache/models/RA-ALTA/tr-en-beginner/9cd452151aa37e4747774d8ca844df008cb700c0/tokenizer_config.json "HTTP/1.1 200 OK"
[11:11:17] [rank5] INFO HTTP Request: GET https://huggingface.co/api/resolve-cache/models/RA-ALTA/tr-en-beginner/9cd452151aa37e4747774d8ca844df008cb700c0/tokenizer_config.json "HTTP/1.1 200 OK"
[11:11:18] [rank5] INFO HTTP Request: HEAD https://huggingface.co/RA-ALTA/tr-en-beginner/resolve/main/tokenizer_config.json "HTTP/1.1 307 Temporary Redirect"
[11:11:18] [rank5] INFO HTTP Request: HEAD https://huggingface.co/api/resolve-cache/models/RA-ALTA/tr-en-beginner/9cd452151aa37e4747774d8ca844df008cb700c0/tokenizer_config.json "HTTP/1.1 200 OK"
[11:11:18] [rank5] INFO HTTP Request: GET https://huggingface.co/api/models/RA-ALTA/tr-en-beginner/tree/main/additional_chat_templates?recursive=false&expand=false "HTTP/1.1 404 Not Found"
[11:11:18] [rank5] INFO HTTP Request: GET https://huggingface.co/api/models/RA-ALTA/tr-en-beginner/tree/main?recursive=true&expand=false "HTTP/1.1 200 OK"
[11:11:18] [rank5] INFO HTTP Request: HEAD https://huggingface.co/RA-ALTA/tr-en-beginner/resolve/main/tokenizer.json "HTTP/1.1 307 Temporary Redirect"
[11:11:18] [rank5] INFO HTTP Request: HEAD https://huggingface.co/api/resolve-cache/models/RA-ALTA/tr-en-beginner/9cd452151aa37e4747774d8ca844df008cb700c0/tokenizer.json "HTTP/1.1 200 OK"
[11:11:18] [rank5] INFO HTTP Request: GET https://huggingface.co/api/resolve-cache/models/RA-ALTA/tr-en-beginner/9cd452151aa37e4747774d8ca844df008cb700c0/tokenizer.json "HTTP/1.1 200 OK"
[11:11:18] [rank5] INFO HTTP Request: HEAD https://huggingface.co/RA-ALTA/tr-en-beginner/resolve/main/tokenizer.model "HTTP/1.1 404 Not Found"
[11:11:19] [rank5] INFO HTTP Request: HEAD https://huggingface.co/RA-ALTA/tr-en-beginner/resolve/main/added_tokens.json "HTTP/1.1 404 Not Found"
[11:11:19] [rank5] INFO HTTP Request: HEAD https://huggingface.co/RA-ALTA/tr-en-beginner/resolve/main/special_tokens_map.json "HTTP/1.1 404 Not Found"
[11:11:19] [rank5] INFO HTTP Request: HEAD https://huggingface.co/RA-ALTA/tr-en-beginner/resolve/main/chat_template.jinja "HTTP/1.1 404 Not Found"
[11:11:19] [rank5] INFO   Model loaded.
[11:11:21] [rank5] INFO   adjunct_island                                 acc=0.7280  (728/1000)
[11:11:22] [rank5] INFO   anaphor_gender_agreement                       acc=0.4560  (456/1000)
[11:11:24] [rank5] INFO   anaphor_number_agreement                       acc=0.8360  (836/1000)
[11:11:25] [rank5] INFO   animate_subject_passive                        acc=0.6660  (666/1000)
[11:11:26] [rank5] INFO   animate_subject_trans                          acc=0.8070  (807/1000)
[11:11:27] [rank5] INFO   causative                                      acc=0.5650  (565/1000)
[11:11:29] [rank5] INFO   complex_NP_island                              acc=0.5240  (524/1000)
[11:11:30] [rank5] INFO   coordinate_structure_constraint_complex_left_branch  acc=0.3450  (345/1000)
[11:11:31] [rank5] INFO   coordinate_structure_constraint_object_extraction  acc=0.8240  (824/1000)
[11:11:33] [rank5] INFO   determiner_noun_agreement_1                    acc=0.9380  (938/1000)
[11:11:34] [rank5] INFO   determiner_noun_agreement_2                    acc=0.9270  (927/1000)
[11:11:35] [rank5] INFO   determiner_noun_agreement_irregular_1          acc=0.8120  (812/1000)
[11:11:36] [rank5] INFO   determiner_noun_agreement_irregular_2          acc=0.8280  (828/1000)
[11:11:38] [rank5] INFO   determiner_noun_agreement_with_adj_2           acc=0.8660  (866/1000)
[11:11:39] [rank5] INFO   determiner_noun_agreement_with_adj_irregular_1  acc=0.7480  (748/1000)
[11:11:40] [rank5] INFO   determiner_noun_agreement_with_adj_irregular_2  acc=0.7990  (799/1000)
[11:11:42] [rank5] INFO   determiner_noun_agreement_with_adjective_1     acc=0.8820  (882/1000)
[11:11:43] [rank5] INFO   distractor_agreement_relational_noun           acc=0.5030  (503/1000)
[11:11:44] [rank5] INFO   distractor_agreement_relative_clause           acc=0.3070  (307/1000)
[11:11:45] [rank5] INFO   drop_argument                                  acc=0.7070  (707/1000)
[11:11:47] [rank5] INFO   ellipsis_n_bar_1                               acc=0.6040  (604/1000)
[11:11:48] [rank5] INFO   ellipsis_n_bar_2                               acc=0.7890  (789/1000)
[11:11:49] [rank5] INFO   existential_there_object_raising               acc=0.7520  (752/1000)
[11:11:51] [rank5] INFO   existential_there_quantifiers_1                acc=0.9670  (967/1000)
[11:11:52] [rank5] INFO   existential_there_quantifiers_2                acc=0.2220  (222/1000)
[11:11:53] [rank5] INFO   existential_there_subject_raising              acc=0.8470  (847/1000)
[11:11:54] [rank5] INFO   expletive_it_object_raising                    acc=0.7220  (722/1000)
[11:11:56] [rank5] INFO   inchoative                                     acc=0.4960  (496/1000)
[11:11:57] [rank5] INFO   intransitive                                   acc=0.5880  (588/1000)
[11:11:58] [rank5] INFO   irregular_past_participle_adjectives           acc=0.9650  (965/1000)
[11:11:59] [rank5] INFO   irregular_past_participle_verbs                acc=0.7860  (786/1000)
[11:12:01] [rank5] INFO   irregular_plural_subject_verb_agreement_1      acc=0.7990  (799/1000)
[11:12:02] [rank5] INFO   irregular_plural_subject_verb_agreement_2      acc=0.7620  (762/1000)
[11:12:03] [rank5] INFO   left_branch_island_echo_question               acc=0.4730  (473/1000)
[11:12:05] [rank5] INFO   left_branch_island_simple_question             acc=0.3220  (322/1000)
[11:12:06] [rank5] INFO   matrix_question_npi_licensor_present           acc=0.1090  (109/1000)
[11:12:07] [rank5] INFO   npi_present_1                                  acc=0.5170  (517/1000)
[11:12:08] [rank5] INFO   npi_present_2                                  acc=0.5720  (572/1000)
[11:12:10] [rank5] INFO   only_npi_licensor_present                      acc=0.3120  (312/1000)
[11:12:11] [rank5] INFO   only_npi_scope                                 acc=0.2610  (261/1000)
[11:12:12] [rank5] INFO   passive_1                                      acc=0.8630  (863/1000)
[11:12:14] [rank5] INFO   passive_2                                      acc=0.8490  (849/1000)
[11:12:15] [rank5] INFO   principle_A_c_command                          acc=0.6200  (620/1000)
[11:12:16] [rank5] INFO   principle_A_case_1                             acc=1.0000  (1000/1000)
[11:12:17] [rank5] INFO   principle_A_case_2                             acc=0.7240  (724/1000)
[11:12:19] [rank5] INFO   principle_A_domain_1                           acc=0.9340  (934/1000)
[11:12:20] [rank5] INFO   principle_A_domain_2                           acc=0.6670  (667/1000)
[11:12:21] [rank5] INFO   principle_A_domain_3                           acc=0.5030  (503/1000)
[11:12:22] [rank5] INFO   principle_A_reconstruction                     acc=0.4710  (471/1000)
[11:12:24] [rank5] INFO   regular_plural_subject_verb_agreement_1        acc=0.8260  (826/1000)
[11:12:25] [rank5] INFO   regular_plural_subject_verb_agreement_2        acc=0.7530  (753/1000)
[11:12:26] [rank5] INFO   sentential_negation_npi_licensor_present       acc=0.9960  (996/1000)
[11:12:28] [rank5] INFO   sentential_negation_npi_scope                  acc=0.2930  (293/1000)
[11:12:29] [rank5] INFO   sentential_subject_island                      acc=0.3800  (380/1000)
[11:12:30] [rank5] INFO   superlative_quantifiers_1                      acc=0.6200  (620/1000)
[11:12:31] [rank5] INFO   superlative_quantifiers_2                      acc=0.7980  (798/1000)
[11:12:33] [rank5] INFO   tough_vs_raising_1                             acc=0.2700  (270/1000)
[11:12:34] [rank5] INFO   tough_vs_raising_2                             acc=0.8500  (850/1000)
[11:12:35] [rank5] INFO   transitive                                     acc=0.7510  (751/1000)
[11:12:37] [rank5] INFO   wh_island                                      acc=0.3920  (392/1000)
[11:12:38] [rank5] INFO   wh_questions_object_gap                        acc=0.6410  (641/1000)
[11:12:39] [rank5] INFO   wh_questions_subject_gap                       acc=0.8510  (851/1000)
[11:12:40] [rank5] INFO   wh_questions_subject_gap_long_distance         acc=0.9360  (936/1000)
[11:12:42] [rank5] INFO   wh_vs_that_no_gap                              acc=0.9660  (966/1000)
[11:12:43] [rank5] INFO   wh_vs_that_no_gap_long_distance                acc=0.9690  (969/1000)
[11:12:44] [rank5] INFO   wh_vs_that_with_gap                            acc=0.2700  (270/1000)
[11:12:45] [rank5] INFO   wh_vs_that_with_gap_long_distance              acc=0.1430  (143/1000)
[11:12:45] [rank5] INFO   ── Mean BLiMP accuracy across 67 phenomena: 0.6607
[11:12:45] [rank5] INFO   Model freed.

[11:12:45] [rank5] INFO ============================================================
[11:12:45] [rank5] INFO Model: RA-ALTA/ar-en-fluent
[11:12:46] [rank5] INFO   67/67 phenomena to evaluate.
[11:12:46] [rank5] INFO HTTP Request: HEAD https://huggingface.co/RA-ALTA/ar-en-fluent/resolve/main/config.json "HTTP/1.1 307 Temporary Redirect"
[11:12:46] [rank5] INFO HTTP Request: HEAD https://huggingface.co/api/resolve-cache/models/RA-ALTA/ar-en-fluent/0e5bb65291acc1f96c9dcda69a3ce8e7caf19c8a/config.json "HTTP/1.1 200 OK"
[11:12:46] [rank5] INFO HTTP Request: GET https://huggingface.co/api/resolve-cache/models/RA-ALTA/ar-en-fluent/0e5bb65291acc1f96c9dcda69a3ce8e7caf19c8a/config.json "HTTP/1.1 200 OK"
[11:12:47] [rank5] INFO HTTP Request: HEAD https://huggingface.co/RA-ALTA/ar-en-fluent/resolve/main/model.safetensors "HTTP/1.1 302 Found"
[11:12:47] [rank5] INFO HTTP Request: GET https://huggingface.co/api/models/RA-ALTA/ar-en-fluent/xet-read-token/0e5bb65291acc1f96c9dcda69a3ce8e7caf19c8a "HTTP/1.1 200 OK"
Loading weights:   0%|          | 0/292 [00:00<?, ?it/s]Loading weights: 100%|██████████| 292/292 [00:00<00:00, 4605.38it/s]
[11:12:55] [rank5] INFO HTTP Request: HEAD https://huggingface.co/RA-ALTA/ar-en-fluent/resolve/main/generation_config.json "HTTP/1.1 307 Temporary Redirect"
[11:12:55] [rank5] INFO HTTP Request: HEAD https://huggingface.co/api/resolve-cache/models/RA-ALTA/ar-en-fluent/0e5bb65291acc1f96c9dcda69a3ce8e7caf19c8a/generation_config.json "HTTP/1.1 200 OK"
[11:12:55] [rank5] INFO HTTP Request: GET https://huggingface.co/api/resolve-cache/models/RA-ALTA/ar-en-fluent/0e5bb65291acc1f96c9dcda69a3ce8e7caf19c8a/generation_config.json "HTTP/1.1 200 OK"
[11:12:55] [rank5] INFO HTTP Request: HEAD https://huggingface.co/RA-ALTA/ar-en-fluent/resolve/main/custom_generate/generate.py "HTTP/1.1 404 Not Found"
[11:12:56] [rank5] INFO HTTP Request: HEAD https://huggingface.co/RA-ALTA/ar-en-fluent/resolve/main/config.json "HTTP/1.1 307 Temporary Redirect"
[11:12:56] [rank5] INFO HTTP Request: HEAD https://huggingface.co/api/resolve-cache/models/RA-ALTA/ar-en-fluent/0e5bb65291acc1f96c9dcda69a3ce8e7caf19c8a/config.json "HTTP/1.1 200 OK"
[11:12:56] [rank5] INFO HTTP Request: HEAD https://huggingface.co/RA-ALTA/ar-en-fluent/resolve/main/tokenizer_config.json "HTTP/1.1 307 Temporary Redirect"
[11:12:56] [rank5] INFO HTTP Request: HEAD https://huggingface.co/api/resolve-cache/models/RA-ALTA/ar-en-fluent/0e5bb65291acc1f96c9dcda69a3ce8e7caf19c8a/tokenizer_config.json "HTTP/1.1 200 OK"
[11:12:56] [rank5] INFO HTTP Request: GET https://huggingface.co/api/resolve-cache/models/RA-ALTA/ar-en-fluent/0e5bb65291acc1f96c9dcda69a3ce8e7caf19c8a/tokenizer_config.json "HTTP/1.1 200 OK"
[11:12:56] [rank5] INFO HTTP Request: HEAD https://huggingface.co/RA-ALTA/ar-en-fluent/resolve/main/tokenizer_config.json "HTTP/1.1 307 Temporary Redirect"
[11:12:56] [rank5] INFO HTTP Request: HEAD https://huggingface.co/api/resolve-cache/models/RA-ALTA/ar-en-fluent/0e5bb65291acc1f96c9dcda69a3ce8e7caf19c8a/tokenizer_config.json "HTTP/1.1 200 OK"
[11:12:56] [rank5] INFO HTTP Request: GET https://huggingface.co/api/models/RA-ALTA/ar-en-fluent/tree/main/additional_chat_templates?recursive=false&expand=false "HTTP/1.1 404 Not Found"
[11:12:56] [rank5] INFO HTTP Request: GET https://huggingface.co/api/models/RA-ALTA/ar-en-fluent/tree/main?recursive=true&expand=false "HTTP/1.1 200 OK"
[11:12:56] [rank5] INFO HTTP Request: HEAD https://huggingface.co/RA-ALTA/ar-en-fluent/resolve/main/tokenizer.json "HTTP/1.1 307 Temporary Redirect"
[11:12:56] [rank5] INFO HTTP Request: HEAD https://huggingface.co/api/resolve-cache/models/RA-ALTA/ar-en-fluent/0e5bb65291acc1f96c9dcda69a3ce8e7caf19c8a/tokenizer.json "HTTP/1.1 200 OK"
[11:12:56] [rank5] INFO HTTP Request: GET https://huggingface.co/api/resolve-cache/models/RA-ALTA/ar-en-fluent/0e5bb65291acc1f96c9dcda69a3ce8e7caf19c8a/tokenizer.json "HTTP/1.1 200 OK"
[11:12:57] [rank5] INFO HTTP Request: HEAD https://huggingface.co/RA-ALTA/ar-en-fluent/resolve/main/tokenizer.model "HTTP/1.1 404 Not Found"
[11:12:57] [rank5] INFO HTTP Request: HEAD https://huggingface.co/RA-ALTA/ar-en-fluent/resolve/main/added_tokens.json "HTTP/1.1 404 Not Found"
[11:12:57] [rank5] INFO HTTP Request: HEAD https://huggingface.co/RA-ALTA/ar-en-fluent/resolve/main/special_tokens_map.json "HTTP/1.1 404 Not Found"
[11:12:57] [rank5] INFO HTTP Request: HEAD https://huggingface.co/RA-ALTA/ar-en-fluent/resolve/main/chat_template.jinja "HTTP/1.1 404 Not Found"
[11:12:58] [rank5] INFO   Model loaded.
[11:12:59] [rank5] INFO   adjunct_island                                 acc=0.7600  (760/1000)
[11:13:00] [rank5] INFO   anaphor_gender_agreement                       acc=0.7290  (729/1000)
[11:13:01] [rank5] INFO   anaphor_number_agreement                       acc=0.9570  (957/1000)
[11:13:03] [rank5] INFO   animate_subject_passive                        acc=0.7400  (740/1000)
[11:13:04] [rank5] INFO   animate_subject_trans                          acc=0.8650  (865/1000)
[11:13:05] [rank5] INFO   causative                                      acc=0.6720  (672/1000)
[11:13:07] [rank5] INFO   complex_NP_island                              acc=0.5430  (543/1000)
[11:13:08] [rank5] INFO   coordinate_structure_constraint_complex_left_branch  acc=0.2590  (259/1000)
[11:13:09] [rank5] INFO   coordinate_structure_constraint_object_extraction  acc=0.7860  (786/1000)
[11:13:10] [rank5] INFO   determiner_noun_agreement_1                    acc=0.9760  (976/1000)
[11:13:12] [rank5] INFO   determiner_noun_agreement_2                    acc=0.9720  (972/1000)
[11:13:13] [rank5] INFO   determiner_noun_agreement_irregular_1          acc=0.9020  (902/1000)
[11:13:14] [rank5] INFO   determiner_noun_agreement_irregular_2          acc=0.9490  (949/1000)
[11:13:15] [rank5] INFO   determiner_noun_agreement_with_adj_2           acc=0.9360  (936/1000)
[11:13:17] [rank5] INFO   determiner_noun_agreement_with_adj_irregular_1  acc=0.8900  (890/1000)
[11:13:18] [rank5] INFO   determiner_noun_agreement_with_adj_irregular_2  acc=0.9070  (907/1000)
[11:13:19] [rank5] INFO   determiner_noun_agreement_with_adjective_1     acc=0.9340  (934/1000)
[11:13:21] [rank5] INFO   distractor_agreement_relational_noun           acc=0.8130  (813/1000)
[11:13:22] [rank5] INFO   distractor_agreement_relative_clause           acc=0.6730  (673/1000)
[11:13:23] [rank5] INFO   drop_argument                                  acc=0.7660  (766/1000)
[11:13:25] [rank5] INFO   ellipsis_n_bar_1                               acc=0.7940  (794/1000)
[11:13:26] [rank5] INFO   ellipsis_n_bar_2                               acc=0.8330  (833/1000)
[11:13:27] [rank5] INFO   existential_there_object_raising               acc=0.7740  (774/1000)
[11:13:29] [rank5] INFO   existential_there_quantifiers_1                acc=0.9660  (966/1000)
[11:13:30] [rank5] INFO   existential_there_quantifiers_2                acc=0.3690  (369/1000)
[11:13:31] [rank5] INFO   existential_there_subject_raising              acc=0.8570  (857/1000)
[11:13:33] [rank5] INFO   expletive_it_object_raising                    acc=0.7510  (751/1000)
[11:13:34] [rank5] INFO   inchoative                                     acc=0.5630  (563/1000)
[11:13:35] [rank5] INFO   intransitive                                   acc=0.7010  (701/1000)
[11:13:36] [rank5] INFO   irregular_past_participle_adjectives           acc=0.9510  (951/1000)
[11:13:38] [rank5] INFO   irregular_past_participle_verbs                acc=0.9170  (917/1000)
[11:13:39] [rank5] INFO   irregular_plural_subject_verb_agreement_1      acc=0.9140  (914/1000)
[11:13:40] [rank5] INFO   irregular_plural_subject_verb_agreement_2      acc=0.9420  (942/1000)
[11:13:41] [rank5] INFO   left_branch_island_echo_question               acc=0.3550  (355/1000)
[11:13:43] [rank5] INFO   left_branch_island_simple_question             acc=0.2710  (271/1000)
[11:13:44] [rank5] INFO   matrix_question_npi_licensor_present           acc=0.1940  (194/1000)
[11:13:45] [rank5] INFO   npi_present_1                                  acc=0.5740  (574/1000)
[11:13:47] [rank5] INFO   npi_present_2                                  acc=0.5510  (551/1000)
[11:13:48] [rank5] INFO   only_npi_licensor_present                      acc=0.6530  (653/1000)
[11:13:49] [rank5] INFO   only_npi_scope                                 acc=0.4830  (483/1000)
[11:13:51] [rank5] INFO   passive_1                                      acc=0.9000  (900/1000)
[11:13:52] [rank5] INFO   passive_2                                      acc=0.8870  (887/1000)
[11:13:53] [rank5] INFO   principle_A_c_command                          acc=0.6270  (627/1000)
[11:13:55] [rank5] INFO   principle_A_case_1                             acc=0.9980  (998/1000)
[11:13:56] [rank5] INFO   principle_A_case_2                             acc=0.9400  (940/1000)
[11:13:57] [rank5] INFO   principle_A_domain_1                           acc=0.9680  (968/1000)
[11:13:58] [rank5] INFO   principle_A_domain_2                           acc=0.7800  (780/1000)
[11:14:00] [rank5] INFO   principle_A_domain_3                           acc=0.5020  (502/1000)
[11:14:01] [rank5] INFO   principle_A_reconstruction                     acc=0.3270  (327/1000)
[11:14:02] [rank5] INFO   regular_plural_subject_verb_agreement_1        acc=0.8140  (814/1000)
[11:14:04] [rank5] INFO   regular_plural_subject_verb_agreement_2        acc=0.8920  (892/1000)
[11:14:05] [rank5] INFO   sentential_negation_npi_licensor_present       acc=0.9990  (999/1000)
[11:14:06] [rank5] INFO   sentential_negation_npi_scope                  acc=0.3140  (314/1000)
[11:14:07] [rank5] INFO   sentential_subject_island                      acc=0.3760  (376/1000)
[11:14:09] [rank5] INFO   superlative_quantifiers_1                      acc=0.6580  (658/1000)
[11:14:10] [rank5] INFO   superlative_quantifiers_2                      acc=0.5450  (545/1000)
[11:14:11] [rank5] INFO   tough_vs_raising_1                             acc=0.4430  (443/1000)
[11:14:13] [rank5] INFO   tough_vs_raising_2                             acc=0.9120  (912/1000)
[11:14:14] [rank5] INFO   transitive                                     acc=0.8470  (847/1000)
[11:14:15] [rank5] INFO   wh_island                                      acc=0.6670  (667/1000)
[11:14:17] [rank5] INFO   wh_questions_object_gap                        acc=0.7300  (730/1000)
[11:14:18] [rank5] INFO   wh_questions_subject_gap                       acc=0.8760  (876/1000)
[11:14:19] [rank5] INFO   wh_questions_subject_gap_long_distance         acc=0.8630  (863/1000)
[11:14:21] [rank5] INFO   wh_vs_that_no_gap                              acc=0.9730  (973/1000)
[11:14:22] [rank5] INFO   wh_vs_that_no_gap_long_distance                acc=0.9780  (978/1000)
[11:14:23] [rank5] INFO   wh_vs_that_with_gap                            acc=0.4600  (460/1000)
[11:14:24] [rank5] INFO   wh_vs_that_with_gap_long_distance              acc=0.1690  (169/1000)
[11:14:24] [rank5] INFO   ── Mean BLiMP accuracy across 67 phenomena: 0.7297
[11:14:25] [rank5] INFO   Model freed.

[11:14:25] [rank5] INFO Done. Results written to: /root/beetle-analyze/alta_blimp_results/blimp_results_alta.csv
