[07:51:12] [rank4] INFO Rank 4/8 — device: cuda:0
[07:51:12] [rank4] INFO This rank evaluates 2 model(s): ['RA-ALTA/es-en-advanced', 'RA-ALTA/de-en-beginner']
[07:51:12] [rank4] INFO Rank 4: waiting for rank-0 to write BLiMP cache …
[07:51:12] [rank4] INFO Loading BLiMP pairs from cache: /root/beetle-analyze/alta_blimp_results/.blimp_cache.pkl
[07:51:12] [rank4] INFO Evaluating on 67 BLiMP phenomena.

[07:51:12] [rank4] INFO ============================================================
[07:51:12] [rank4] INFO Model: RA-ALTA/es-en-advanced
[07:51:12] [rank4] INFO   67/67 phenomena to evaluate.
[07:51:13] [rank4] INFO HTTP Request: HEAD https://huggingface.co/RA-ALTA/es-en-advanced/resolve/main/config.json "HTTP/1.1 307 Temporary Redirect"
[07:51:13] [rank4] INFO HTTP Request: HEAD https://huggingface.co/api/resolve-cache/models/RA-ALTA/es-en-advanced/6fc412ff2ef2dc76008ec45958e5d6b8e6954666/config.json "HTTP/1.1 200 OK"
[07:51:13] [rank4] INFO HTTP Request: GET https://huggingface.co/api/resolve-cache/models/RA-ALTA/es-en-advanced/6fc412ff2ef2dc76008ec45958e5d6b8e6954666/config.json "HTTP/1.1 200 OK"
`torch_dtype` is deprecated! Use `dtype` instead!
[07:51:13] [rank4] INFO HTTP Request: HEAD https://huggingface.co/RA-ALTA/es-en-advanced/resolve/main/model.safetensors "HTTP/1.1 302 Found"
[07:51:13] [rank4] INFO HTTP Request: GET https://huggingface.co/api/models/RA-ALTA/es-en-advanced/xet-read-token/6fc412ff2ef2dc76008ec45958e5d6b8e6954666 "HTTP/1.1 200 OK"
Loading weights:   0%|          | 0/292 [00:00<?, ?it/s]Loading weights: 100%|██████████| 292/292 [00:00<00:00, 4046.88it/s]
[07:51:20] [rank4] INFO HTTP Request: HEAD https://huggingface.co/RA-ALTA/es-en-advanced/resolve/main/generation_config.json "HTTP/1.1 307 Temporary Redirect"
[07:51:20] [rank4] INFO HTTP Request: HEAD https://huggingface.co/api/resolve-cache/models/RA-ALTA/es-en-advanced/6fc412ff2ef2dc76008ec45958e5d6b8e6954666/generation_config.json "HTTP/1.1 200 OK"
[07:51:20] [rank4] INFO HTTP Request: GET https://huggingface.co/api/resolve-cache/models/RA-ALTA/es-en-advanced/6fc412ff2ef2dc76008ec45958e5d6b8e6954666/generation_config.json "HTTP/1.1 200 OK"
[07:51:21] [rank4] INFO HTTP Request: HEAD https://huggingface.co/RA-ALTA/es-en-advanced/resolve/main/custom_generate/generate.py "HTTP/1.1 404 Not Found"
[07:51:21] [rank4] INFO HTTP Request: HEAD https://huggingface.co/RA-ALTA/es-en-advanced/resolve/main/config.json "HTTP/1.1 307 Temporary Redirect"
[07:51:21] [rank4] INFO HTTP Request: HEAD https://huggingface.co/api/resolve-cache/models/RA-ALTA/es-en-advanced/6fc412ff2ef2dc76008ec45958e5d6b8e6954666/config.json "HTTP/1.1 200 OK"
[07:51:21] [rank4] INFO HTTP Request: HEAD https://huggingface.co/RA-ALTA/es-en-advanced/resolve/main/tokenizer_config.json "HTTP/1.1 307 Temporary Redirect"
[07:51:21] [rank4] INFO HTTP Request: HEAD https://huggingface.co/api/resolve-cache/models/RA-ALTA/es-en-advanced/6fc412ff2ef2dc76008ec45958e5d6b8e6954666/tokenizer_config.json "HTTP/1.1 200 OK"
[07:51:21] [rank4] INFO HTTP Request: GET https://huggingface.co/api/resolve-cache/models/RA-ALTA/es-en-advanced/6fc412ff2ef2dc76008ec45958e5d6b8e6954666/tokenizer_config.json "HTTP/1.1 200 OK"
[07:51:21] [rank4] INFO HTTP Request: HEAD https://huggingface.co/RA-ALTA/es-en-advanced/resolve/main/tokenizer_config.json "HTTP/1.1 307 Temporary Redirect"
[07:51:21] [rank4] INFO HTTP Request: HEAD https://huggingface.co/api/resolve-cache/models/RA-ALTA/es-en-advanced/6fc412ff2ef2dc76008ec45958e5d6b8e6954666/tokenizer_config.json "HTTP/1.1 200 OK"
[07:51:22] [rank4] INFO HTTP Request: GET https://huggingface.co/api/models/RA-ALTA/es-en-advanced/tree/main/additional_chat_templates?recursive=false&expand=false "HTTP/1.1 404 Not Found"
[07:51:22] [rank4] INFO HTTP Request: GET https://huggingface.co/api/models/RA-ALTA/es-en-advanced/tree/main?recursive=true&expand=false "HTTP/1.1 200 OK"
[07:51:22] [rank4] INFO HTTP Request: HEAD https://huggingface.co/RA-ALTA/es-en-advanced/resolve/main/tokenizer.json "HTTP/1.1 307 Temporary Redirect"
[07:51:22] [rank4] INFO HTTP Request: HEAD https://huggingface.co/api/resolve-cache/models/RA-ALTA/es-en-advanced/6fc412ff2ef2dc76008ec45958e5d6b8e6954666/tokenizer.json "HTTP/1.1 200 OK"
[07:51:22] [rank4] INFO HTTP Request: GET https://huggingface.co/api/resolve-cache/models/RA-ALTA/es-en-advanced/6fc412ff2ef2dc76008ec45958e5d6b8e6954666/tokenizer.json "HTTP/1.1 200 OK"
[07:51:22] [rank4] INFO HTTP Request: HEAD https://huggingface.co/RA-ALTA/es-en-advanced/resolve/main/tokenizer.model "HTTP/1.1 404 Not Found"
[07:51:22] [rank4] INFO HTTP Request: HEAD https://huggingface.co/RA-ALTA/es-en-advanced/resolve/main/added_tokens.json "HTTP/1.1 404 Not Found"
[07:51:22] [rank4] INFO HTTP Request: HEAD https://huggingface.co/RA-ALTA/es-en-advanced/resolve/main/special_tokens_map.json "HTTP/1.1 404 Not Found"
Warning: You are sending unauthenticated requests to the HF Hub. Please set a HF_TOKEN to enable higher rate limits and faster downloads.
[07:51:22] [rank4] WARNING Warning: You are sending unauthenticated requests to the HF Hub. Please set a HF_TOKEN to enable higher rate limits and faster downloads.
[07:51:22] [rank4] INFO HTTP Request: HEAD https://huggingface.co/RA-ALTA/es-en-advanced/resolve/main/chat_template.jinja "HTTP/1.1 404 Not Found"
[07:51:23] [rank4] INFO   Model loaded.
[07:51:25] [rank4] INFO   adjunct_island                                 acc=0.8520  (852/1000)
[07:51:26] [rank4] INFO   anaphor_gender_agreement                       acc=0.9050  (905/1000)
[07:51:27] [rank4] INFO   anaphor_number_agreement                       acc=0.9230  (923/1000)
[07:51:28] [rank4] INFO   animate_subject_passive                        acc=0.7350  (735/1000)
[07:51:30] [rank4] INFO   animate_subject_trans                          acc=0.9030  (903/1000)
[07:51:31] [rank4] INFO   causative                                      acc=0.6340  (634/1000)
[07:51:32] [rank4] INFO   complex_NP_island                              acc=0.5420  (542/1000)
[07:51:34] [rank4] INFO   coordinate_structure_constraint_complex_left_branch  acc=0.4570  (457/1000)
[07:51:35] [rank4] INFO   coordinate_structure_constraint_object_extraction  acc=0.8240  (824/1000)
[07:51:36] [rank4] INFO   determiner_noun_agreement_1                    acc=0.9720  (972/1000)
[07:51:38] [rank4] INFO   determiner_noun_agreement_2                    acc=0.9630  (963/1000)
[07:51:39] [rank4] INFO   determiner_noun_agreement_irregular_1          acc=0.9040  (904/1000)
[07:51:40] [rank4] INFO   determiner_noun_agreement_irregular_2          acc=0.9490  (949/1000)
[07:51:41] [rank4] INFO   determiner_noun_agreement_with_adj_2           acc=0.8890  (889/1000)
[07:51:43] [rank4] INFO   determiner_noun_agreement_with_adj_irregular_1  acc=0.8380  (838/1000)
[07:51:44] [rank4] INFO   determiner_noun_agreement_with_adj_irregular_2  acc=0.8830  (883/1000)
[07:51:45] [rank4] INFO   determiner_noun_agreement_with_adjective_1     acc=0.9170  (917/1000)
[07:51:47] [rank4] INFO   distractor_agreement_relational_noun           acc=0.7580  (758/1000)
[07:51:48] [rank4] INFO   distractor_agreement_relative_clause           acc=0.6250  (625/1000)
[07:51:49] [rank4] INFO   drop_argument                                  acc=0.7430  (743/1000)
[07:51:51] [rank4] INFO   ellipsis_n_bar_1                               acc=0.7250  (725/1000)
[07:51:52] [rank4] INFO   ellipsis_n_bar_2                               acc=0.7890  (789/1000)
[07:51:54] [rank4] INFO   existential_there_object_raising               acc=0.7820  (782/1000)
[07:51:55] [rank4] INFO   existential_there_quantifiers_1                acc=0.9730  (973/1000)
[07:51:56] [rank4] INFO   existential_there_quantifiers_2                acc=0.2280  (228/1000)
[07:51:58] [rank4] INFO   existential_there_subject_raising              acc=0.8120  (812/1000)
[07:51:59] [rank4] INFO   expletive_it_object_raising                    acc=0.7250  (725/1000)
[07:52:00] [rank4] INFO   inchoative                                     acc=0.5310  (531/1000)
[07:52:02] [rank4] INFO   intransitive                                   acc=0.6820  (682/1000)
[07:52:03] [rank4] INFO   irregular_past_participle_adjectives           acc=0.9390  (939/1000)
[07:52:04] [rank4] INFO   irregular_past_participle_verbs                acc=0.8610  (861/1000)
[07:52:05] [rank4] INFO   irregular_plural_subject_verb_agreement_1      acc=0.8670  (867/1000)
[07:52:07] [rank4] INFO   irregular_plural_subject_verb_agreement_2      acc=0.8900  (890/1000)
[07:52:08] [rank4] INFO   left_branch_island_echo_question               acc=0.5160  (516/1000)
[07:52:09] [rank4] INFO   left_branch_island_simple_question             acc=0.4580  (458/1000)
[07:52:11] [rank4] INFO   matrix_question_npi_licensor_present           acc=0.2420  (242/1000)
[07:52:12] [rank4] INFO   npi_present_1                                  acc=0.4170  (417/1000)
[07:52:13] [rank4] INFO   npi_present_2                                  acc=0.4240  (424/1000)
[07:52:15] [rank4] INFO   only_npi_licensor_present                      acc=0.1850  (185/1000)
[07:52:16] [rank4] INFO   only_npi_scope                                 acc=0.2540  (254/1000)
[07:52:17] [rank4] INFO   passive_1                                      acc=0.8660  (866/1000)
[07:52:19] [rank4] INFO   passive_2                                      acc=0.8620  (862/1000)
[07:52:20] [rank4] INFO   principle_A_c_command                          acc=0.6730  (673/1000)
[07:52:21] [rank4] INFO   principle_A_case_1                             acc=1.0000  (1000/1000)
[07:52:23] [rank4] INFO   principle_A_case_2                             acc=0.8690  (869/1000)
[07:52:24] [rank4] INFO   principle_A_domain_1                           acc=0.9570  (957/1000)
[07:52:25] [rank4] INFO   principle_A_domain_2                           acc=0.7170  (717/1000)
[07:52:27] [rank4] INFO   principle_A_domain_3                           acc=0.5740  (574/1000)
[07:52:28] [rank4] INFO   principle_A_reconstruction                     acc=0.3290  (329/1000)
[07:52:29] [rank4] INFO   regular_plural_subject_verb_agreement_1        acc=0.8610  (861/1000)
[07:52:31] [rank4] INFO   regular_plural_subject_verb_agreement_2        acc=0.8650  (865/1000)
[07:52:32] [rank4] INFO   sentential_negation_npi_licensor_present       acc=0.9540  (954/1000)
[07:52:33] [rank4] INFO   sentential_negation_npi_scope                  acc=0.3560  (356/1000)
[07:52:35] [rank4] INFO   sentential_subject_island                      acc=0.3290  (329/1000)
[07:52:36] [rank4] INFO   superlative_quantifiers_1                      acc=0.7620  (762/1000)
[07:52:37] [rank4] INFO   superlative_quantifiers_2                      acc=0.9140  (914/1000)
[07:52:38] [rank4] INFO   tough_vs_raising_1                             acc=0.3430  (343/1000)
[07:52:40] [rank4] INFO   tough_vs_raising_2                             acc=0.9260  (926/1000)
[07:52:41] [rank4] INFO   transitive                                     acc=0.7730  (773/1000)
[07:52:42] [rank4] INFO   wh_island                                      acc=0.6900  (690/1000)
[07:52:44] [rank4] INFO   wh_questions_object_gap                        acc=0.7590  (759/1000)
[07:52:45] [rank4] INFO   wh_questions_subject_gap                       acc=0.9350  (935/1000)
[07:52:46] [rank4] INFO   wh_questions_subject_gap_long_distance         acc=0.9010  (901/1000)
[07:52:47] [rank4] INFO   wh_vs_that_no_gap                              acc=0.9670  (967/1000)
[07:52:49] [rank4] INFO   wh_vs_that_no_gap_long_distance                acc=0.9930  (993/1000)
[07:52:50] [rank4] INFO   wh_vs_that_with_gap                            acc=0.4640  (464/1000)
[07:52:51] [rank4] INFO   wh_vs_that_with_gap_long_distance              acc=0.1960  (196/1000)
[07:52:51] [rank4] INFO   ── Mean BLiMP accuracy across 67 phenomena: 0.7217
[07:52:51] [rank4] INFO   Model freed.

[07:52:51] [rank4] INFO ============================================================
[07:52:51] [rank4] INFO Model: RA-ALTA/de-en-beginner
[07:52:52] [rank4] INFO   67/67 phenomena to evaluate.
[07:52:52] [rank4] INFO HTTP Request: HEAD https://huggingface.co/RA-ALTA/de-en-beginner/resolve/main/config.json "HTTP/1.1 307 Temporary Redirect"
[07:52:52] [rank4] INFO HTTP Request: HEAD https://huggingface.co/api/resolve-cache/models/RA-ALTA/de-en-beginner/65ba62b258a980e1a13c0825190d5da35c99d596/config.json "HTTP/1.1 200 OK"
[07:52:52] [rank4] INFO HTTP Request: GET https://huggingface.co/api/resolve-cache/models/RA-ALTA/de-en-beginner/65ba62b258a980e1a13c0825190d5da35c99d596/config.json "HTTP/1.1 200 OK"
[07:52:52] [rank4] INFO HTTP Request: HEAD https://huggingface.co/RA-ALTA/de-en-beginner/resolve/main/model.safetensors "HTTP/1.1 302 Found"
[07:52:52] [rank4] INFO HTTP Request: GET https://huggingface.co/api/models/RA-ALTA/de-en-beginner/xet-read-token/65ba62b258a980e1a13c0825190d5da35c99d596 "HTTP/1.1 200 OK"
Loading weights:   0%|          | 0/292 [00:00<?, ?it/s]Loading weights: 100%|██████████| 292/292 [00:00<00:00, 3948.11it/s]
[07:53:00] [rank4] INFO HTTP Request: HEAD https://huggingface.co/RA-ALTA/de-en-beginner/resolve/main/generation_config.json "HTTP/1.1 307 Temporary Redirect"
[07:53:01] [rank4] INFO HTTP Request: HEAD https://huggingface.co/api/resolve-cache/models/RA-ALTA/de-en-beginner/65ba62b258a980e1a13c0825190d5da35c99d596/generation_config.json "HTTP/1.1 200 OK"
[07:53:01] [rank4] INFO HTTP Request: GET https://huggingface.co/api/resolve-cache/models/RA-ALTA/de-en-beginner/65ba62b258a980e1a13c0825190d5da35c99d596/generation_config.json "HTTP/1.1 200 OK"
[07:53:01] [rank4] INFO HTTP Request: HEAD https://huggingface.co/RA-ALTA/de-en-beginner/resolve/main/custom_generate/generate.py "HTTP/1.1 404 Not Found"
[07:53:01] [rank4] INFO HTTP Request: HEAD https://huggingface.co/RA-ALTA/de-en-beginner/resolve/main/config.json "HTTP/1.1 307 Temporary Redirect"
[07:53:01] [rank4] INFO HTTP Request: HEAD https://huggingface.co/api/resolve-cache/models/RA-ALTA/de-en-beginner/65ba62b258a980e1a13c0825190d5da35c99d596/config.json "HTTP/1.1 200 OK"
[07:53:01] [rank4] INFO HTTP Request: HEAD https://huggingface.co/RA-ALTA/de-en-beginner/resolve/main/tokenizer_config.json "HTTP/1.1 307 Temporary Redirect"
[07:53:01] [rank4] INFO HTTP Request: HEAD https://huggingface.co/api/resolve-cache/models/RA-ALTA/de-en-beginner/65ba62b258a980e1a13c0825190d5da35c99d596/tokenizer_config.json "HTTP/1.1 200 OK"
[07:53:01] [rank4] INFO HTTP Request: GET https://huggingface.co/api/resolve-cache/models/RA-ALTA/de-en-beginner/65ba62b258a980e1a13c0825190d5da35c99d596/tokenizer_config.json "HTTP/1.1 200 OK"
[07:53:01] [rank4] INFO HTTP Request: HEAD https://huggingface.co/RA-ALTA/de-en-beginner/resolve/main/tokenizer_config.json "HTTP/1.1 307 Temporary Redirect"
[07:53:01] [rank4] INFO HTTP Request: HEAD https://huggingface.co/api/resolve-cache/models/RA-ALTA/de-en-beginner/65ba62b258a980e1a13c0825190d5da35c99d596/tokenizer_config.json "HTTP/1.1 200 OK"
[07:53:01] [rank4] INFO HTTP Request: GET https://huggingface.co/api/models/RA-ALTA/de-en-beginner/tree/main/additional_chat_templates?recursive=false&expand=false "HTTP/1.1 404 Not Found"
[07:53:02] [rank4] INFO HTTP Request: GET https://huggingface.co/api/models/RA-ALTA/de-en-beginner/tree/main?recursive=true&expand=false "HTTP/1.1 200 OK"
[07:53:02] [rank4] INFO HTTP Request: HEAD https://huggingface.co/RA-ALTA/de-en-beginner/resolve/main/tokenizer.json "HTTP/1.1 307 Temporary Redirect"
[07:53:02] [rank4] INFO HTTP Request: HEAD https://huggingface.co/api/resolve-cache/models/RA-ALTA/de-en-beginner/65ba62b258a980e1a13c0825190d5da35c99d596/tokenizer.json "HTTP/1.1 200 OK"
[07:53:02] [rank4] INFO HTTP Request: GET https://huggingface.co/api/resolve-cache/models/RA-ALTA/de-en-beginner/65ba62b258a980e1a13c0825190d5da35c99d596/tokenizer.json "HTTP/1.1 200 OK"
[07:53:02] [rank4] INFO HTTP Request: HEAD https://huggingface.co/RA-ALTA/de-en-beginner/resolve/main/tokenizer.model "HTTP/1.1 404 Not Found"
[07:53:02] [rank4] INFO HTTP Request: HEAD https://huggingface.co/RA-ALTA/de-en-beginner/resolve/main/added_tokens.json "HTTP/1.1 404 Not Found"
[07:53:02] [rank4] INFO HTTP Request: HEAD https://huggingface.co/RA-ALTA/de-en-beginner/resolve/main/special_tokens_map.json "HTTP/1.1 404 Not Found"
[07:53:03] [rank4] INFO HTTP Request: HEAD https://huggingface.co/RA-ALTA/de-en-beginner/resolve/main/chat_template.jinja "HTTP/1.1 404 Not Found"
[07:53:03] [rank4] INFO   Model loaded.
[07:53:04] [rank4] INFO   adjunct_island                                 acc=0.7920  (792/1000)
[07:53:05] [rank4] INFO   anaphor_gender_agreement                       acc=0.7920  (792/1000)
[07:53:07] [rank4] INFO   anaphor_number_agreement                       acc=0.8800  (880/1000)
[07:53:08] [rank4] INFO   animate_subject_passive                        acc=0.7130  (713/1000)
[07:53:09] [rank4] INFO   animate_subject_trans                          acc=0.8890  (889/1000)
[07:53:11] [rank4] INFO   causative                                      acc=0.5890  (589/1000)
[07:53:12] [rank4] INFO   complex_NP_island                              acc=0.5690  (569/1000)
[07:53:13] [rank4] INFO   coordinate_structure_constraint_complex_left_branch  acc=0.3280  (328/1000)
[07:53:15] [rank4] INFO   coordinate_structure_constraint_object_extraction  acc=0.7960  (796/1000)
[07:53:16] [rank4] INFO   determiner_noun_agreement_1                    acc=0.9490  (949/1000)
[07:53:17] [rank4] INFO   determiner_noun_agreement_2                    acc=0.9300  (930/1000)
[07:53:19] [rank4] INFO   determiner_noun_agreement_irregular_1          acc=0.8610  (861/1000)
[07:53:20] [rank4] INFO   determiner_noun_agreement_irregular_2          acc=0.8780  (878/1000)
[07:53:21] [rank4] INFO   determiner_noun_agreement_with_adj_2           acc=0.8820  (882/1000)
[07:53:22] [rank4] INFO   determiner_noun_agreement_with_adj_irregular_1  acc=0.8440  (844/1000)
[07:53:24] [rank4] INFO   determiner_noun_agreement_with_adj_irregular_2  acc=0.8470  (847/1000)
[07:53:25] [rank4] INFO   determiner_noun_agreement_with_adjective_1     acc=0.9090  (909/1000)
[07:53:26] [rank4] INFO   distractor_agreement_relational_noun           acc=0.6670  (667/1000)
[07:53:28] [rank4] INFO   distractor_agreement_relative_clause           acc=0.4740  (474/1000)
[07:53:29] [rank4] INFO   drop_argument                                  acc=0.7480  (748/1000)
[07:53:30] [rank4] INFO   ellipsis_n_bar_1                               acc=0.7260  (726/1000)
[07:53:32] [rank4] INFO   ellipsis_n_bar_2                               acc=0.8120  (812/1000)
[07:53:33] [rank4] INFO   existential_there_object_raising               acc=0.8050  (805/1000)
[07:53:34] [rank4] INFO   existential_there_quantifiers_1                acc=0.9710  (971/1000)
[07:53:36] [rank4] INFO   existential_there_quantifiers_2                acc=0.2720  (272/1000)
[07:53:37] [rank4] INFO   existential_there_subject_raising              acc=0.8610  (861/1000)
[07:53:38] [rank4] INFO   expletive_it_object_raising                    acc=0.7470  (747/1000)
[07:53:40] [rank4] INFO   inchoative                                     acc=0.5340  (534/1000)
[07:53:41] [rank4] INFO   intransitive                                   acc=0.6880  (688/1000)
[07:53:42] [rank4] INFO   irregular_past_participle_adjectives           acc=0.9400  (940/1000)
[07:53:44] [rank4] INFO   irregular_past_participle_verbs                acc=0.8210  (821/1000)
[07:53:45] [rank4] INFO   irregular_plural_subject_verb_agreement_1      acc=0.8600  (860/1000)
[07:53:46] [rank4] INFO   irregular_plural_subject_verb_agreement_2      acc=0.8820  (882/1000)
[07:53:48] [rank4] INFO   left_branch_island_echo_question               acc=0.4730  (473/1000)
[07:53:49] [rank4] INFO   left_branch_island_simple_question             acc=0.3610  (361/1000)
[07:53:50] [rank4] INFO   matrix_question_npi_licensor_present           acc=0.1780  (178/1000)
[07:53:52] [rank4] INFO   npi_present_1                                  acc=0.4250  (425/1000)
[07:53:53] [rank4] INFO   npi_present_2                                  acc=0.4650  (465/1000)
[07:53:54] [rank4] INFO   only_npi_licensor_present                      acc=0.6130  (613/1000)
[07:53:56] [rank4] INFO   only_npi_scope                                 acc=0.2290  (229/1000)
[07:53:57] [rank4] INFO   passive_1                                      acc=0.8730  (873/1000)
[07:53:58] [rank4] INFO   passive_2                                      acc=0.8790  (879/1000)
[07:54:00] [rank4] INFO   principle_A_c_command                          acc=0.5890  (589/1000)
[07:54:01] [rank4] INFO   principle_A_case_1                             acc=1.0000  (1000/1000)
[07:54:02] [rank4] INFO   principle_A_case_2                             acc=0.7260  (726/1000)
[07:54:04] [rank4] INFO   principle_A_domain_1                           acc=0.9740  (974/1000)
[07:54:05] [rank4] INFO   principle_A_domain_2                           acc=0.7320  (732/1000)
[07:54:06] [rank4] INFO   principle_A_domain_3                           acc=0.5960  (596/1000)
[07:54:08] [rank4] INFO   principle_A_reconstruction                     acc=0.3390  (339/1000)
[07:54:09] [rank4] INFO   regular_plural_subject_verb_agreement_1        acc=0.8380  (838/1000)
[07:54:10] [rank4] INFO   regular_plural_subject_verb_agreement_2        acc=0.8140  (814/1000)
[07:54:12] [rank4] INFO   sentential_negation_npi_licensor_present       acc=0.9980  (998/1000)
[07:54:13] [rank4] INFO   sentential_negation_npi_scope                  acc=0.3120  (312/1000)
[07:54:14] [rank4] INFO   sentential_subject_island                      acc=0.4210  (421/1000)
[07:54:16] [rank4] INFO   superlative_quantifiers_1                      acc=0.8010  (801/1000)
[07:54:17] [rank4] INFO   superlative_quantifiers_2                      acc=0.7900  (790/1000)
[07:54:18] [rank4] INFO   tough_vs_raising_1                             acc=0.2950  (295/1000)
[07:54:20] [rank4] INFO   tough_vs_raising_2                             acc=0.8970  (897/1000)
[07:54:21] [rank4] INFO   transitive                                     acc=0.7230  (723/1000)
[07:54:22] [rank4] INFO   wh_island                                      acc=0.4890  (489/1000)
[07:54:23] [rank4] INFO   wh_questions_object_gap                        acc=0.6550  (655/1000)
[07:54:25] [rank4] INFO   wh_questions_subject_gap                       acc=0.9200  (920/1000)
[07:54:26] [rank4] INFO   wh_questions_subject_gap_long_distance         acc=0.9360  (936/1000)
[07:54:27] [rank4] INFO   wh_vs_that_no_gap                              acc=0.9770  (977/1000)
[07:54:28] [rank4] INFO   wh_vs_that_no_gap_long_distance                acc=0.9790  (979/1000)
[07:54:29] [rank4] INFO   wh_vs_that_with_gap                            acc=0.2440  (244/1000)
[07:54:30] [rank4] INFO   wh_vs_that_with_gap_long_distance              acc=0.1200  (120/1000)
[07:54:30] [rank4] INFO   ── Mean BLiMP accuracy across 67 phenomena: 0.7003
[07:54:31] [rank4] INFO   Model freed.

[07:54:31] [rank4] INFO Done. Results written to: /root/beetle-analyze/alta_blimp_results/blimp_results_alta.csv
