[11:10:18] [rank6] INFO Rank 6/8 — device: cuda:0
[11:10:18] [rank6] INFO This rank evaluates 2 model(s): ['RA-ALTA/tr-en-intermediate', 'RA-ALTA/zh-en-phase1-final']
[11:10:18] [rank6] INFO Rank 6: waiting for rank-0 to write BLiMP cache …
[11:11:04] [rank6] INFO Loading BLiMP pairs from cache: /root/beetle-analyze/alta_blimp_results/.blimp_cache.pkl
[11:11:04] [rank6] INFO Evaluating on 67 BLiMP phenomena.

[11:11:04] [rank6] INFO ============================================================
[11:11:04] [rank6] INFO Model: RA-ALTA/tr-en-intermediate
[11:11:04] [rank6] INFO   67/67 phenomena to evaluate.
[11:11:04] [rank6] INFO HTTP Request: HEAD https://huggingface.co/RA-ALTA/tr-en-intermediate/resolve/main/config.json "HTTP/1.1 307 Temporary Redirect"
[11:11:04] [rank6] INFO HTTP Request: HEAD https://huggingface.co/api/resolve-cache/models/RA-ALTA/tr-en-intermediate/b08649f34a030af88d02afcd9ede4688597e5eb8/config.json "HTTP/1.1 200 OK"
[11:11:04] [rank6] INFO HTTP Request: GET https://huggingface.co/api/resolve-cache/models/RA-ALTA/tr-en-intermediate/b08649f34a030af88d02afcd9ede4688597e5eb8/config.json "HTTP/1.1 200 OK"
`torch_dtype` is deprecated! Use `dtype` instead!
[11:11:05] [rank6] INFO HTTP Request: HEAD https://huggingface.co/RA-ALTA/tr-en-intermediate/resolve/main/model.safetensors "HTTP/1.1 302 Found"
Warning: You are sending unauthenticated requests to the HF Hub. Please set a HF_TOKEN to enable higher rate limits and faster downloads.
[11:11:05] [rank6] WARNING Warning: You are sending unauthenticated requests to the HF Hub. Please set a HF_TOKEN to enable higher rate limits and faster downloads.
[11:11:05] [rank6] INFO HTTP Request: GET https://huggingface.co/api/models/RA-ALTA/tr-en-intermediate/xet-read-token/b08649f34a030af88d02afcd9ede4688597e5eb8 "HTTP/1.1 200 OK"
Loading weights:   0%|          | 0/292 [00:00<?, ?it/s]Loading weights: 100%|██████████| 292/292 [00:00<00:00, 5031.21it/s]
[11:11:14] [rank6] INFO HTTP Request: HEAD https://huggingface.co/RA-ALTA/tr-en-intermediate/resolve/main/generation_config.json "HTTP/1.1 307 Temporary Redirect"
[11:11:14] [rank6] INFO HTTP Request: HEAD https://huggingface.co/api/resolve-cache/models/RA-ALTA/tr-en-intermediate/b08649f34a030af88d02afcd9ede4688597e5eb8/generation_config.json "HTTP/1.1 200 OK"
[11:11:14] [rank6] INFO HTTP Request: GET https://huggingface.co/api/resolve-cache/models/RA-ALTA/tr-en-intermediate/b08649f34a030af88d02afcd9ede4688597e5eb8/generation_config.json "HTTP/1.1 200 OK"
[11:11:14] [rank6] INFO HTTP Request: HEAD https://huggingface.co/RA-ALTA/tr-en-intermediate/resolve/main/custom_generate/generate.py "HTTP/1.1 404 Not Found"
[11:11:15] [rank6] INFO HTTP Request: HEAD https://huggingface.co/RA-ALTA/tr-en-intermediate/resolve/main/config.json "HTTP/1.1 307 Temporary Redirect"
[11:11:15] [rank6] INFO HTTP Request: HEAD https://huggingface.co/api/resolve-cache/models/RA-ALTA/tr-en-intermediate/b08649f34a030af88d02afcd9ede4688597e5eb8/config.json "HTTP/1.1 200 OK"
[11:11:15] [rank6] INFO HTTP Request: HEAD https://huggingface.co/RA-ALTA/tr-en-intermediate/resolve/main/tokenizer_config.json "HTTP/1.1 307 Temporary Redirect"
[11:11:15] [rank6] INFO HTTP Request: HEAD https://huggingface.co/api/resolve-cache/models/RA-ALTA/tr-en-intermediate/b08649f34a030af88d02afcd9ede4688597e5eb8/tokenizer_config.json "HTTP/1.1 200 OK"
[11:11:15] [rank6] INFO HTTP Request: GET https://huggingface.co/api/resolve-cache/models/RA-ALTA/tr-en-intermediate/b08649f34a030af88d02afcd9ede4688597e5eb8/tokenizer_config.json "HTTP/1.1 200 OK"
[11:11:15] [rank6] INFO HTTP Request: HEAD https://huggingface.co/RA-ALTA/tr-en-intermediate/resolve/main/tokenizer_config.json "HTTP/1.1 307 Temporary Redirect"
[11:11:15] [rank6] INFO HTTP Request: HEAD https://huggingface.co/api/resolve-cache/models/RA-ALTA/tr-en-intermediate/b08649f34a030af88d02afcd9ede4688597e5eb8/tokenizer_config.json "HTTP/1.1 200 OK"
[11:11:15] [rank6] INFO HTTP Request: GET https://huggingface.co/api/models/RA-ALTA/tr-en-intermediate/tree/main/additional_chat_templates?recursive=false&expand=false "HTTP/1.1 404 Not Found"
[11:11:16] [rank6] INFO HTTP Request: GET https://huggingface.co/api/models/RA-ALTA/tr-en-intermediate/tree/main?recursive=true&expand=false "HTTP/1.1 200 OK"
[11:11:16] [rank6] INFO HTTP Request: HEAD https://huggingface.co/RA-ALTA/tr-en-intermediate/resolve/main/tokenizer.json "HTTP/1.1 307 Temporary Redirect"
[11:11:16] [rank6] INFO HTTP Request: HEAD https://huggingface.co/api/resolve-cache/models/RA-ALTA/tr-en-intermediate/b08649f34a030af88d02afcd9ede4688597e5eb8/tokenizer.json "HTTP/1.1 200 OK"
[11:11:16] [rank6] INFO HTTP Request: GET https://huggingface.co/api/resolve-cache/models/RA-ALTA/tr-en-intermediate/b08649f34a030af88d02afcd9ede4688597e5eb8/tokenizer.json "HTTP/1.1 200 OK"
[11:11:16] [rank6] INFO HTTP Request: HEAD https://huggingface.co/RA-ALTA/tr-en-intermediate/resolve/main/tokenizer.model "HTTP/1.1 404 Not Found"
[11:11:16] [rank6] INFO HTTP Request: HEAD https://huggingface.co/RA-ALTA/tr-en-intermediate/resolve/main/added_tokens.json "HTTP/1.1 404 Not Found"
[11:11:16] [rank6] INFO HTTP Request: HEAD https://huggingface.co/RA-ALTA/tr-en-intermediate/resolve/main/special_tokens_map.json "HTTP/1.1 404 Not Found"
[11:11:17] [rank6] INFO HTTP Request: HEAD https://huggingface.co/RA-ALTA/tr-en-intermediate/resolve/main/chat_template.jinja "HTTP/1.1 404 Not Found"
[11:11:17] [rank6] INFO   Model loaded.
[11:11:19] [rank6] INFO   adjunct_island                                 acc=0.7580  (758/1000)
[11:11:20] [rank6] INFO   anaphor_gender_agreement                       acc=0.5290  (529/1000)
[11:11:21] [rank6] INFO   anaphor_number_agreement                       acc=0.8750  (875/1000)
[11:11:23] [rank6] INFO   animate_subject_passive                        acc=0.7350  (735/1000)
[11:11:24] [rank6] INFO   animate_subject_trans                          acc=0.7980  (798/1000)
[11:11:25] [rank6] INFO   causative                                      acc=0.6350  (635/1000)
[11:11:27] [rank6] INFO   complex_NP_island                              acc=0.5620  (562/1000)
[11:11:28] [rank6] INFO   coordinate_structure_constraint_complex_left_branch  acc=0.3540  (354/1000)
[11:11:29] [rank6] INFO   coordinate_structure_constraint_object_extraction  acc=0.8360  (836/1000)
[11:11:30] [rank6] INFO   determiner_noun_agreement_1                    acc=0.9510  (951/1000)
[11:11:32] [rank6] INFO   determiner_noun_agreement_2                    acc=0.9440  (944/1000)
[11:11:33] [rank6] INFO   determiner_noun_agreement_irregular_1          acc=0.8350  (835/1000)
[11:11:34] [rank6] INFO   determiner_noun_agreement_irregular_2          acc=0.8860  (886/1000)
[11:11:35] [rank6] INFO   determiner_noun_agreement_with_adj_2           acc=0.8740  (874/1000)
[11:11:37] [rank6] INFO   determiner_noun_agreement_with_adj_irregular_1  acc=0.8290  (829/1000)
[11:11:38] [rank6] INFO   determiner_noun_agreement_with_adj_irregular_2  acc=0.8320  (832/1000)
[11:11:39] [rank6] INFO   determiner_noun_agreement_with_adjective_1     acc=0.8880  (888/1000)
[11:11:41] [rank6] INFO   distractor_agreement_relational_noun           acc=0.4960  (496/1000)
[11:11:42] [rank6] INFO   distractor_agreement_relative_clause           acc=0.3300  (330/1000)
[11:11:43] [rank6] INFO   drop_argument                                  acc=0.7040  (704/1000)
[11:11:44] [rank6] INFO   ellipsis_n_bar_1                               acc=0.6570  (657/1000)
[11:11:46] [rank6] INFO   ellipsis_n_bar_2                               acc=0.7990  (799/1000)
[11:11:47] [rank6] INFO   existential_there_object_raising               acc=0.8050  (805/1000)
[11:11:48] [rank6] INFO   existential_there_quantifiers_1                acc=0.9640  (964/1000)
[11:11:50] [rank6] INFO   existential_there_quantifiers_2                acc=0.1440  (144/1000)
[11:11:51] [rank6] INFO   existential_there_subject_raising              acc=0.8540  (854/1000)
[11:11:52] [rank6] INFO   expletive_it_object_raising                    acc=0.7500  (750/1000)
[11:11:54] [rank6] INFO   inchoative                                     acc=0.5100  (510/1000)
[11:11:55] [rank6] INFO   intransitive                                   acc=0.6180  (618/1000)
[11:11:56] [rank6] INFO   irregular_past_participle_adjectives           acc=0.9890  (989/1000)
[11:11:57] [rank6] INFO   irregular_past_participle_verbs                acc=0.8230  (823/1000)
[11:11:59] [rank6] INFO   irregular_plural_subject_verb_agreement_1      acc=0.7980  (798/1000)
[11:12:00] [rank6] INFO   irregular_plural_subject_verb_agreement_2      acc=0.7440  (744/1000)
[11:12:01] [rank6] INFO   left_branch_island_echo_question               acc=0.4370  (437/1000)
[11:12:02] [rank6] INFO   left_branch_island_simple_question             acc=0.3680  (368/1000)
[11:12:04] [rank6] INFO   matrix_question_npi_licensor_present           acc=0.1170  (117/1000)
[11:12:05] [rank6] INFO   npi_present_1                                  acc=0.5150  (515/1000)
[11:12:06] [rank6] INFO   npi_present_2                                  acc=0.5540  (554/1000)
[11:12:08] [rank6] INFO   only_npi_licensor_present                      acc=0.3200  (320/1000)
[11:12:09] [rank6] INFO   only_npi_scope                                 acc=0.3350  (335/1000)
[11:12:10] [rank6] INFO   passive_1                                      acc=0.8550  (855/1000)
[11:12:11] [rank6] INFO   passive_2                                      acc=0.8420  (842/1000)
[11:12:13] [rank6] INFO   principle_A_c_command                          acc=0.5940  (594/1000)
[11:12:14] [rank6] INFO   principle_A_case_1                             acc=0.9990  (999/1000)
[11:12:15] [rank6] INFO   principle_A_case_2                             acc=0.8250  (825/1000)
[11:12:17] [rank6] INFO   principle_A_domain_1                           acc=0.9620  (962/1000)
[11:12:18] [rank6] INFO   principle_A_domain_2                           acc=0.6990  (699/1000)
[11:12:19] [rank6] INFO   principle_A_domain_3                           acc=0.4840  (484/1000)
[11:12:20] [rank6] INFO   principle_A_reconstruction                     acc=0.4610  (461/1000)
[11:12:22] [rank6] INFO   regular_plural_subject_verb_agreement_1        acc=0.8120  (812/1000)
[11:12:23] [rank6] INFO   regular_plural_subject_verb_agreement_2        acc=0.7530  (753/1000)
[11:12:24] [rank6] INFO   sentential_negation_npi_licensor_present       acc=0.9930  (993/1000)
[11:12:26] [rank6] INFO   sentential_negation_npi_scope                  acc=0.2720  (272/1000)
[11:12:27] [rank6] INFO   sentential_subject_island                      acc=0.3010  (301/1000)
[11:12:28] [rank6] INFO   superlative_quantifiers_1                      acc=0.6120  (612/1000)
[11:12:29] [rank6] INFO   superlative_quantifiers_2                      acc=0.9440  (944/1000)
[11:12:31] [rank6] INFO   tough_vs_raising_1                             acc=0.2580  (258/1000)
[11:12:32] [rank6] INFO   tough_vs_raising_2                             acc=0.9010  (901/1000)
[11:12:33] [rank6] INFO   transitive                                     acc=0.7790  (779/1000)
[11:12:34] [rank6] INFO   wh_island                                      acc=0.3580  (358/1000)
[11:12:36] [rank6] INFO   wh_questions_object_gap                        acc=0.6720  (672/1000)
[11:12:37] [rank6] INFO   wh_questions_subject_gap                       acc=0.8490  (849/1000)
[11:12:38] [rank6] INFO   wh_questions_subject_gap_long_distance         acc=0.9150  (915/1000)
[11:12:40] [rank6] INFO   wh_vs_that_no_gap                              acc=0.9570  (957/1000)
[11:12:41] [rank6] INFO   wh_vs_that_no_gap_long_distance                acc=0.9760  (976/1000)
[11:12:42] [rank6] INFO   wh_vs_that_with_gap                            acc=0.3500  (350/1000)
[11:12:44] [rank6] INFO   wh_vs_that_with_gap_long_distance              acc=0.1870  (187/1000)
[11:12:44] [rank6] INFO   ── Mean BLiMP accuracy across 67 phenomena: 0.6770
[11:12:44] [rank6] INFO   Model freed.

[11:12:44] [rank6] INFO ============================================================
[11:12:44] [rank6] INFO Model: RA-ALTA/zh-en-phase1-final
[11:12:44] [rank6] INFO   67/67 phenomena to evaluate.
[11:12:44] [rank6] INFO HTTP Request: HEAD https://huggingface.co/RA-ALTA/zh-en-phase1-final/resolve/main/config.json "HTTP/1.1 307 Temporary Redirect"
[11:12:44] [rank6] INFO HTTP Request: HEAD https://huggingface.co/api/resolve-cache/models/RA-ALTA/zh-en-phase1-final/fdc585887e96648a3f883df0747f9f97d7a8af2a/config.json "HTTP/1.1 200 OK"
[11:12:45] [rank6] INFO HTTP Request: GET https://huggingface.co/api/resolve-cache/models/RA-ALTA/zh-en-phase1-final/fdc585887e96648a3f883df0747f9f97d7a8af2a/config.json "HTTP/1.1 200 OK"
[11:12:45] [rank6] INFO HTTP Request: HEAD https://huggingface.co/RA-ALTA/zh-en-phase1-final/resolve/main/model.safetensors "HTTP/1.1 302 Found"
[11:12:45] [rank6] INFO HTTP Request: GET https://huggingface.co/api/models/RA-ALTA/zh-en-phase1-final/xet-read-token/fdc585887e96648a3f883df0747f9f97d7a8af2a "HTTP/1.1 200 OK"
Loading weights:   0%|          | 0/292 [00:00<?, ?it/s]Loading weights: 100%|██████████| 292/292 [00:00<00:00, 4694.02it/s]
[11:12:53] [rank6] INFO HTTP Request: HEAD https://huggingface.co/RA-ALTA/zh-en-phase1-final/resolve/main/generation_config.json "HTTP/1.1 307 Temporary Redirect"
[11:12:53] [rank6] INFO HTTP Request: HEAD https://huggingface.co/api/resolve-cache/models/RA-ALTA/zh-en-phase1-final/fdc585887e96648a3f883df0747f9f97d7a8af2a/generation_config.json "HTTP/1.1 200 OK"
[11:12:53] [rank6] INFO HTTP Request: GET https://huggingface.co/api/resolve-cache/models/RA-ALTA/zh-en-phase1-final/fdc585887e96648a3f883df0747f9f97d7a8af2a/generation_config.json "HTTP/1.1 200 OK"
[11:12:53] [rank6] INFO HTTP Request: HEAD https://huggingface.co/RA-ALTA/zh-en-phase1-final/resolve/main/custom_generate/generate.py "HTTP/1.1 404 Not Found"
[11:12:53] [rank6] INFO HTTP Request: HEAD https://huggingface.co/RA-ALTA/zh-en-phase1-final/resolve/main/config.json "HTTP/1.1 307 Temporary Redirect"
[11:12:53] [rank6] INFO HTTP Request: HEAD https://huggingface.co/api/resolve-cache/models/RA-ALTA/zh-en-phase1-final/fdc585887e96648a3f883df0747f9f97d7a8af2a/config.json "HTTP/1.1 200 OK"
[11:12:53] [rank6] INFO HTTP Request: HEAD https://huggingface.co/RA-ALTA/zh-en-phase1-final/resolve/main/tokenizer_config.json "HTTP/1.1 307 Temporary Redirect"
[11:12:53] [rank6] INFO HTTP Request: HEAD https://huggingface.co/api/resolve-cache/models/RA-ALTA/zh-en-phase1-final/fdc585887e96648a3f883df0747f9f97d7a8af2a/tokenizer_config.json "HTTP/1.1 200 OK"
[11:12:53] [rank6] INFO HTTP Request: GET https://huggingface.co/api/resolve-cache/models/RA-ALTA/zh-en-phase1-final/fdc585887e96648a3f883df0747f9f97d7a8af2a/tokenizer_config.json "HTTP/1.1 200 OK"
[11:12:53] [rank6] INFO HTTP Request: HEAD https://huggingface.co/RA-ALTA/zh-en-phase1-final/resolve/main/tokenizer_config.json "HTTP/1.1 307 Temporary Redirect"
[11:12:53] [rank6] INFO HTTP Request: HEAD https://huggingface.co/api/resolve-cache/models/RA-ALTA/zh-en-phase1-final/fdc585887e96648a3f883df0747f9f97d7a8af2a/tokenizer_config.json "HTTP/1.1 200 OK"
[11:12:54] [rank6] INFO HTTP Request: GET https://huggingface.co/api/models/RA-ALTA/zh-en-phase1-final/tree/main/additional_chat_templates?recursive=false&expand=false "HTTP/1.1 404 Not Found"
[11:12:54] [rank6] INFO HTTP Request: GET https://huggingface.co/api/models/RA-ALTA/zh-en-phase1-final/tree/main?recursive=true&expand=false "HTTP/1.1 200 OK"
[11:12:54] [rank6] INFO HTTP Request: HEAD https://huggingface.co/RA-ALTA/zh-en-phase1-final/resolve/main/tokenizer.json "HTTP/1.1 307 Temporary Redirect"
[11:12:54] [rank6] INFO HTTP Request: HEAD https://huggingface.co/api/resolve-cache/models/RA-ALTA/zh-en-phase1-final/fdc585887e96648a3f883df0747f9f97d7a8af2a/tokenizer.json "HTTP/1.1 200 OK"
[11:12:54] [rank6] INFO HTTP Request: GET https://huggingface.co/api/resolve-cache/models/RA-ALTA/zh-en-phase1-final/fdc585887e96648a3f883df0747f9f97d7a8af2a/tokenizer.json "HTTP/1.1 200 OK"
[11:12:55] [rank6] INFO HTTP Request: HEAD https://huggingface.co/RA-ALTA/zh-en-phase1-final/resolve/main/tokenizer.model "HTTP/1.1 404 Not Found"
[11:12:55] [rank6] INFO HTTP Request: HEAD https://huggingface.co/RA-ALTA/zh-en-phase1-final/resolve/main/added_tokens.json "HTTP/1.1 404 Not Found"
[11:12:55] [rank6] INFO HTTP Request: HEAD https://huggingface.co/RA-ALTA/zh-en-phase1-final/resolve/main/special_tokens_map.json "HTTP/1.1 404 Not Found"
[11:12:55] [rank6] INFO HTTP Request: HEAD https://huggingface.co/RA-ALTA/zh-en-phase1-final/resolve/main/chat_template.jinja "HTTP/1.1 404 Not Found"
[11:12:55] [rank6] INFO   Model loaded.
[11:12:56] [rank6] INFO   adjunct_island                                 acc=0.5750  (575/1000)
[11:12:57] [rank6] INFO   anaphor_gender_agreement                       acc=0.3330  (333/1000)
[11:12:58] [rank6] INFO   anaphor_number_agreement                       acc=0.3930  (393/1000)
[11:13:00] [rank6] INFO   animate_subject_passive                        acc=0.6060  (606/1000)
[11:13:01] [rank6] INFO   animate_subject_trans                          acc=0.7700  (770/1000)
[11:13:02] [rank6] INFO   causative                                      acc=0.4880  (488/1000)
[11:13:03] [rank6] INFO   complex_NP_island                              acc=0.5130  (513/1000)
[11:13:05] [rank6] INFO   coordinate_structure_constraint_complex_left_branch  acc=0.6030  (603/1000)
[11:13:06] [rank6] INFO   coordinate_structure_constraint_object_extraction  acc=0.5090  (509/1000)
[11:13:07] [rank6] INFO   determiner_noun_agreement_1                    acc=0.6050  (605/1000)
[11:13:09] [rank6] INFO   determiner_noun_agreement_2                    acc=0.5230  (523/1000)
[11:13:10] [rank6] INFO   determiner_noun_agreement_irregular_1          acc=0.5020  (502/1000)
[11:13:11] [rank6] INFO   determiner_noun_agreement_irregular_2          acc=0.5580  (558/1000)
[11:13:12] [rank6] INFO   determiner_noun_agreement_with_adj_2           acc=0.5350  (535/1000)
[11:13:14] [rank6] INFO   determiner_noun_agreement_with_adj_irregular_1  acc=0.4950  (495/1000)
[11:13:15] [rank6] INFO   determiner_noun_agreement_with_adj_irregular_2  acc=0.5040  (504/1000)
[11:13:16] [rank6] INFO   determiner_noun_agreement_with_adjective_1     acc=0.5380  (538/1000)
[11:13:18] [rank6] INFO   distractor_agreement_relational_noun           acc=0.4180  (418/1000)
[11:13:19] [rank6] INFO   distractor_agreement_relative_clause           acc=0.4770  (477/1000)
[11:13:20] [rank6] INFO   drop_argument                                  acc=0.7920  (792/1000)
[11:13:22] [rank6] INFO   ellipsis_n_bar_1                               acc=0.2140  (214/1000)
[11:13:23] [rank6] INFO   ellipsis_n_bar_2                               acc=0.5570  (557/1000)
[11:13:24] [rank6] INFO   existential_there_object_raising               acc=0.7000  (700/1000)
[11:13:26] [rank6] INFO   existential_there_quantifiers_1                acc=0.8340  (834/1000)
[11:13:27] [rank6] INFO   existential_there_quantifiers_2                acc=0.3030  (303/1000)
[11:13:28] [rank6] INFO   existential_there_subject_raising              acc=0.4840  (484/1000)
[11:13:30] [rank6] INFO   expletive_it_object_raising                    acc=0.6410  (641/1000)
[11:13:31] [rank6] INFO   inchoative                                     acc=0.4560  (456/1000)
[11:13:32] [rank6] INFO   intransitive                                   acc=0.6270  (627/1000)
[11:13:33] [rank6] INFO   irregular_past_participle_adjectives           acc=0.6080  (608/1000)
[11:13:35] [rank6] INFO   irregular_past_participle_verbs                acc=0.5860  (586/1000)
[11:13:36] [rank6] INFO   irregular_plural_subject_verb_agreement_1      acc=0.5200  (520/1000)
[11:13:37] [rank6] INFO   irregular_plural_subject_verb_agreement_2      acc=0.5170  (517/1000)
[11:13:38] [rank6] INFO   left_branch_island_echo_question               acc=0.8370  (837/1000)
[11:13:40] [rank6] INFO   left_branch_island_simple_question             acc=0.5430  (543/1000)
[11:13:41] [rank6] INFO   matrix_question_npi_licensor_present           acc=0.0600  (60/1000)
[11:13:42] [rank6] INFO   npi_present_1                                  acc=0.3940  (394/1000)
[11:13:44] [rank6] INFO   npi_present_2                                  acc=0.4150  (415/1000)
[11:13:45] [rank6] INFO   only_npi_licensor_present                      acc=0.3730  (373/1000)
[11:13:46] [rank6] INFO   only_npi_scope                                 acc=0.3550  (355/1000)
[11:13:47] [rank6] INFO   passive_1                                      acc=0.6280  (628/1000)
[11:13:49] [rank6] INFO   passive_2                                      acc=0.6300  (630/1000)
[11:13:50] [rank6] INFO   principle_A_c_command                          acc=0.4690  (469/1000)
[11:13:51] [rank6] INFO   principle_A_case_1                             acc=1.0000  (1000/1000)
[11:13:53] [rank6] INFO   principle_A_case_2                             acc=0.5010  (501/1000)
[11:13:54] [rank6] INFO   principle_A_domain_1                           acc=0.9970  (997/1000)
[11:13:55] [rank6] INFO   principle_A_domain_2                           acc=0.5760  (576/1000)
[11:13:56] [rank6] INFO   principle_A_domain_3                           acc=0.4330  (433/1000)
[11:13:58] [rank6] INFO   principle_A_reconstruction                     acc=0.1800  (180/1000)
[11:13:59] [rank6] INFO   regular_plural_subject_verb_agreement_1        acc=0.5120  (512/1000)
[11:14:00] [rank6] INFO   regular_plural_subject_verb_agreement_2        acc=0.4660  (466/1000)
[11:14:02] [rank6] INFO   sentential_negation_npi_licensor_present       acc=1.0000  (1000/1000)
[11:14:03] [rank6] INFO   sentential_negation_npi_scope                  acc=0.2030  (203/1000)
[11:14:04] [rank6] INFO   sentential_subject_island                      acc=0.3330  (333/1000)
[11:14:05] [rank6] INFO   superlative_quantifiers_1                      acc=0.3850  (385/1000)
[11:14:07] [rank6] INFO   superlative_quantifiers_2                      acc=0.8910  (891/1000)
[11:14:08] [rank6] INFO   tough_vs_raising_1                             acc=0.4620  (462/1000)
[11:14:09] [rank6] INFO   tough_vs_raising_2                             acc=0.5720  (572/1000)
[11:14:10] [rank6] INFO   transitive                                     acc=0.6000  (600/1000)
[11:14:12] [rank6] INFO   wh_island                                      acc=0.3690  (369/1000)
[11:14:13] [rank6] INFO   wh_questions_object_gap                        acc=0.6540  (654/1000)
[11:14:14] [rank6] INFO   wh_questions_subject_gap                       acc=0.9810  (981/1000)
[11:14:16] [rank6] INFO   wh_questions_subject_gap_long_distance         acc=0.9420  (942/1000)
[11:14:17] [rank6] INFO   wh_vs_that_no_gap                              acc=0.9980  (998/1000)
[11:14:18] [rank6] INFO   wh_vs_that_no_gap_long_distance                acc=0.9900  (990/1000)
[11:14:19] [rank6] INFO   wh_vs_that_with_gap                            acc=0.0090  (9/1000)
[11:14:21] [rank6] INFO   wh_vs_that_with_gap_long_distance              acc=0.0120  (12/1000)
[11:14:21] [rank6] INFO   ── Mean BLiMP accuracy across 67 phenomena: 0.5456
[11:14:21] [rank6] INFO   Model freed.

[11:14:21] [rank6] INFO Done. Results written to: /root/beetle-analyze/alta_blimp_results/blimp_results_alta.csv
