[07:50:55] [rank0] INFO Rank 0/8 — device: cuda:0
[07:50:55] [rank0] INFO This rank evaluates 2 model(s): ['RA-ALTA/pl-en-phase1-final', 'RA-ALTA/fr-en-intermediate']
[07:50:55] [rank0] INFO Loading BLiMP pairs from cache: /root/beetle-analyze/alta_blimp_results/.blimp_cache.pkl
[07:50:55] [rank0] INFO Evaluating on 67 BLiMP phenomena.

[07:50:55] [rank0] INFO ============================================================
[07:50:55] [rank0] INFO Model: RA-ALTA/pl-en-phase1-final
[07:50:56] [rank0] INFO   67/67 phenomena to evaluate.
[07:50:56] [rank0] INFO HTTP Request: HEAD https://huggingface.co/RA-ALTA/pl-en-phase1-final/resolve/main/config.json "HTTP/1.1 307 Temporary Redirect"
[07:50:56] [rank0] INFO HTTP Request: HEAD https://huggingface.co/api/resolve-cache/models/RA-ALTA/pl-en-phase1-final/97c5cb53f11c85651f9643916d88720b15e8fa95/config.json "HTTP/1.1 200 OK"
[07:50:56] [rank0] INFO HTTP Request: GET https://huggingface.co/api/resolve-cache/models/RA-ALTA/pl-en-phase1-final/97c5cb53f11c85651f9643916d88720b15e8fa95/config.json "HTTP/1.1 200 OK"
`torch_dtype` is deprecated! Use `dtype` instead!
[07:50:57] [rank0] INFO HTTP Request: HEAD https://huggingface.co/RA-ALTA/pl-en-phase1-final/resolve/main/model.safetensors "HTTP/1.1 302 Found"
[07:50:57] [rank0] INFO HTTP Request: GET https://huggingface.co/api/models/RA-ALTA/pl-en-phase1-final/xet-read-token/97c5cb53f11c85651f9643916d88720b15e8fa95 "HTTP/1.1 200 OK"
Loading weights:   0%|          | 0/292 [00:00<?, ?it/s]Loading weights: 100%|██████████| 292/292 [00:00<00:00, 4835.16it/s]
[07:51:05] [rank0] INFO HTTP Request: HEAD https://huggingface.co/RA-ALTA/pl-en-phase1-final/resolve/main/generation_config.json "HTTP/1.1 307 Temporary Redirect"
[07:51:05] [rank0] INFO HTTP Request: HEAD https://huggingface.co/api/resolve-cache/models/RA-ALTA/pl-en-phase1-final/97c5cb53f11c85651f9643916d88720b15e8fa95/generation_config.json "HTTP/1.1 200 OK"
[07:51:05] [rank0] INFO HTTP Request: GET https://huggingface.co/api/resolve-cache/models/RA-ALTA/pl-en-phase1-final/97c5cb53f11c85651f9643916d88720b15e8fa95/generation_config.json "HTTP/1.1 200 OK"
[07:51:05] [rank0] INFO HTTP Request: HEAD https://huggingface.co/RA-ALTA/pl-en-phase1-final/resolve/main/custom_generate/generate.py "HTTP/1.1 404 Not Found"
[07:51:06] [rank0] INFO HTTP Request: HEAD https://huggingface.co/RA-ALTA/pl-en-phase1-final/resolve/main/config.json "HTTP/1.1 307 Temporary Redirect"
[07:51:06] [rank0] INFO HTTP Request: HEAD https://huggingface.co/api/resolve-cache/models/RA-ALTA/pl-en-phase1-final/97c5cb53f11c85651f9643916d88720b15e8fa95/config.json "HTTP/1.1 200 OK"
[07:51:06] [rank0] INFO HTTP Request: HEAD https://huggingface.co/RA-ALTA/pl-en-phase1-final/resolve/main/tokenizer_config.json "HTTP/1.1 307 Temporary Redirect"
[07:51:06] [rank0] INFO HTTP Request: HEAD https://huggingface.co/api/resolve-cache/models/RA-ALTA/pl-en-phase1-final/97c5cb53f11c85651f9643916d88720b15e8fa95/tokenizer_config.json "HTTP/1.1 200 OK"
[07:51:06] [rank0] INFO HTTP Request: GET https://huggingface.co/api/resolve-cache/models/RA-ALTA/pl-en-phase1-final/97c5cb53f11c85651f9643916d88720b15e8fa95/tokenizer_config.json "HTTP/1.1 200 OK"
[07:51:06] [rank0] INFO HTTP Request: HEAD https://huggingface.co/RA-ALTA/pl-en-phase1-final/resolve/main/tokenizer_config.json "HTTP/1.1 307 Temporary Redirect"
[07:51:06] [rank0] INFO HTTP Request: HEAD https://huggingface.co/api/resolve-cache/models/RA-ALTA/pl-en-phase1-final/97c5cb53f11c85651f9643916d88720b15e8fa95/tokenizer_config.json "HTTP/1.1 200 OK"
[07:51:06] [rank0] INFO HTTP Request: GET https://huggingface.co/api/models/RA-ALTA/pl-en-phase1-final/tree/main/additional_chat_templates?recursive=false&expand=false "HTTP/1.1 404 Not Found"
[07:51:07] [rank0] INFO HTTP Request: GET https://huggingface.co/api/models/RA-ALTA/pl-en-phase1-final/tree/main?recursive=true&expand=false "HTTP/1.1 200 OK"
[07:51:07] [rank0] INFO HTTP Request: HEAD https://huggingface.co/RA-ALTA/pl-en-phase1-final/resolve/main/tokenizer.json "HTTP/1.1 307 Temporary Redirect"
[07:51:07] [rank0] INFO HTTP Request: HEAD https://huggingface.co/api/resolve-cache/models/RA-ALTA/pl-en-phase1-final/97c5cb53f11c85651f9643916d88720b15e8fa95/tokenizer.json "HTTP/1.1 200 OK"
[07:51:07] [rank0] INFO HTTP Request: GET https://huggingface.co/api/resolve-cache/models/RA-ALTA/pl-en-phase1-final/97c5cb53f11c85651f9643916d88720b15e8fa95/tokenizer.json "HTTP/1.1 200 OK"
[07:51:07] [rank0] INFO HTTP Request: HEAD https://huggingface.co/RA-ALTA/pl-en-phase1-final/resolve/main/tokenizer.model "HTTP/1.1 404 Not Found"
[07:51:07] [rank0] INFO HTTP Request: HEAD https://huggingface.co/RA-ALTA/pl-en-phase1-final/resolve/main/added_tokens.json "HTTP/1.1 404 Not Found"
Warning: You are sending unauthenticated requests to the HF Hub. Please set a HF_TOKEN to enable higher rate limits and faster downloads.
[07:51:07] [rank0] WARNING Warning: You are sending unauthenticated requests to the HF Hub. Please set a HF_TOKEN to enable higher rate limits and faster downloads.
[07:51:07] [rank0] INFO HTTP Request: HEAD https://huggingface.co/RA-ALTA/pl-en-phase1-final/resolve/main/special_tokens_map.json "HTTP/1.1 404 Not Found"
[07:51:07] [rank0] INFO HTTP Request: HEAD https://huggingface.co/RA-ALTA/pl-en-phase1-final/resolve/main/chat_template.jinja "HTTP/1.1 404 Not Found"
[07:51:08] [rank0] INFO   Model loaded.
[07:51:09] [rank0] INFO   adjunct_island                                 acc=0.6300  (630/1000)
[07:51:10] [rank0] INFO   anaphor_gender_agreement                       acc=0.2200  (220/1000)
[07:51:11] [rank0] INFO   anaphor_number_agreement                       acc=0.4280  (428/1000)
[07:51:12] [rank0] INFO   animate_subject_passive                        acc=0.5960  (596/1000)
[07:51:13] [rank0] INFO   animate_subject_trans                          acc=0.8200  (820/1000)
[07:51:14] [rank0] INFO   causative                                      acc=0.4830  (483/1000)
[07:51:15] [rank0] INFO   complex_NP_island                              acc=0.4440  (444/1000)
[07:51:16] [rank0] INFO   coordinate_structure_constraint_complex_left_branch  acc=0.2480  (248/1000)
[07:51:17] [rank0] INFO   coordinate_structure_constraint_object_extraction  acc=0.5880  (588/1000)
[07:51:18] [rank0] INFO   determiner_noun_agreement_1                    acc=0.5530  (553/1000)
[07:51:19] [rank0] INFO   determiner_noun_agreement_2                    acc=0.5310  (531/1000)
[07:51:20] [rank0] INFO   determiner_noun_agreement_irregular_1          acc=0.4950  (495/1000)
[07:51:22] [rank0] INFO   determiner_noun_agreement_irregular_2          acc=0.5380  (538/1000)
[07:51:23] [rank0] INFO   determiner_noun_agreement_with_adj_2           acc=0.4850  (485/1000)
[07:51:24] [rank0] INFO   determiner_noun_agreement_with_adj_irregular_1  acc=0.4780  (478/1000)
[07:51:25] [rank0] INFO   determiner_noun_agreement_with_adj_irregular_2  acc=0.5320  (532/1000)
[07:51:26] [rank0] INFO   determiner_noun_agreement_with_adjective_1     acc=0.5130  (513/1000)
[07:51:28] [rank0] INFO   distractor_agreement_relational_noun           acc=0.3920  (392/1000)
[07:51:29] [rank0] INFO   distractor_agreement_relative_clause           acc=0.4130  (413/1000)
[07:51:30] [rank0] INFO   drop_argument                                  acc=0.7420  (742/1000)
[07:51:31] [rank0] INFO   ellipsis_n_bar_1                               acc=0.2120  (212/1000)
[07:51:33] [rank0] INFO   ellipsis_n_bar_2                               acc=0.5900  (590/1000)
[07:51:34] [rank0] INFO   existential_there_object_raising               acc=0.7410  (741/1000)
[07:51:35] [rank0] INFO   existential_there_quantifiers_1                acc=0.8050  (805/1000)
[07:51:37] [rank0] INFO   existential_there_quantifiers_2                acc=0.1340  (134/1000)
[07:51:38] [rank0] INFO   existential_there_subject_raising              acc=0.4470  (447/1000)
[07:51:39] [rank0] INFO   expletive_it_object_raising                    acc=0.6910  (691/1000)
[07:51:41] [rank0] INFO   inchoative                                     acc=0.3920  (392/1000)
[07:51:42] [rank0] INFO   intransitive                                   acc=0.5830  (583/1000)
[07:51:43] [rank0] INFO   irregular_past_participle_adjectives           acc=0.7410  (741/1000)
[07:51:45] [rank0] INFO   irregular_past_participle_verbs                acc=0.5130  (513/1000)
[07:51:46] [rank0] INFO   irregular_plural_subject_verb_agreement_1      acc=0.4940  (494/1000)
[07:51:47] [rank0] INFO   irregular_plural_subject_verb_agreement_2      acc=0.5370  (537/1000)
[07:51:49] [rank0] INFO   left_branch_island_echo_question               acc=0.8500  (850/1000)
[07:51:50] [rank0] INFO   left_branch_island_simple_question             acc=0.2070  (207/1000)
[07:51:51] [rank0] INFO   matrix_question_npi_licensor_present           acc=0.0460  (46/1000)
[07:51:53] [rank0] INFO   npi_present_1                                  acc=0.6080  (608/1000)
[07:51:54] [rank0] INFO   npi_present_2                                  acc=0.5690  (569/1000)
[07:51:55] [rank0] INFO   only_npi_licensor_present                      acc=0.9270  (927/1000)
[07:51:56] [rank0] INFO   only_npi_scope                                 acc=0.2570  (257/1000)
[07:51:58] [rank0] INFO   passive_1                                      acc=0.6990  (699/1000)
[07:51:59] [rank0] INFO   passive_2                                      acc=0.6860  (686/1000)
[07:52:00] [rank0] INFO   principle_A_c_command                          acc=0.6650  (665/1000)
[07:52:02] [rank0] INFO   principle_A_case_1                             acc=0.9970  (997/1000)
[07:52:03] [rank0] INFO   principle_A_case_2                             acc=0.4780  (478/1000)
[07:52:04] [rank0] INFO   principle_A_domain_1                           acc=0.9830  (983/1000)
[07:52:06] [rank0] INFO   principle_A_domain_2                           acc=0.5950  (595/1000)
[07:52:07] [rank0] INFO   principle_A_domain_3                           acc=0.5080  (508/1000)
[07:52:08] [rank0] INFO   principle_A_reconstruction                     acc=0.1590  (159/1000)
[07:52:10] [rank0] INFO   regular_plural_subject_verb_agreement_1        acc=0.6440  (644/1000)
[07:52:11] [rank0] INFO   regular_plural_subject_verb_agreement_2        acc=0.5180  (518/1000)
[07:52:12] [rank0] INFO   sentential_negation_npi_licensor_present       acc=0.9580  (958/1000)
[07:52:14] [rank0] INFO   sentential_negation_npi_scope                  acc=0.4920  (492/1000)
[07:52:15] [rank0] INFO   sentential_subject_island                      acc=0.3410  (341/1000)
[07:52:16] [rank0] INFO   superlative_quantifiers_1                      acc=0.5360  (536/1000)
[07:52:18] [rank0] INFO   superlative_quantifiers_2                      acc=0.6740  (674/1000)
[07:52:19] [rank0] INFO   tough_vs_raising_1                             acc=0.4630  (463/1000)
[07:52:20] [rank0] INFO   tough_vs_raising_2                             acc=0.5810  (581/1000)
[07:52:22] [rank0] INFO   transitive                                     acc=0.6640  (664/1000)
[07:52:23] [rank0] INFO   wh_island                                      acc=0.3210  (321/1000)
[07:52:24] [rank0] INFO   wh_questions_object_gap                        acc=0.5450  (545/1000)
[07:52:25] [rank0] INFO   wh_questions_subject_gap                       acc=0.9650  (965/1000)
[07:52:27] [rank0] INFO   wh_questions_subject_gap_long_distance         acc=0.9280  (928/1000)
[07:52:28] [rank0] INFO   wh_vs_that_no_gap                              acc=0.9670  (967/1000)
[07:52:29] [rank0] INFO   wh_vs_that_no_gap_long_distance                acc=0.9710  (971/1000)
[07:52:31] [rank0] INFO   wh_vs_that_with_gap                            acc=0.0320  (32/1000)
[07:52:32] [rank0] INFO   wh_vs_that_with_gap_long_distance              acc=0.0300  (30/1000)
[07:52:32] [rank0] INFO   ── Mean BLiMP accuracy across 67 phenomena: 0.5503
[07:52:32] [rank0] INFO   Model freed.

[07:52:32] [rank0] INFO ============================================================
[07:52:32] [rank0] INFO Model: RA-ALTA/fr-en-intermediate
[07:52:33] [rank0] INFO   67/67 phenomena to evaluate.
[07:52:33] [rank0] INFO HTTP Request: HEAD https://huggingface.co/RA-ALTA/fr-en-intermediate/resolve/main/config.json "HTTP/1.1 307 Temporary Redirect"
[07:52:33] [rank0] INFO HTTP Request: HEAD https://huggingface.co/api/resolve-cache/models/RA-ALTA/fr-en-intermediate/c4d062171eae48d2abefff5130a4a169dfd5c6b8/config.json "HTTP/1.1 200 OK"
[07:52:33] [rank0] INFO HTTP Request: GET https://huggingface.co/api/resolve-cache/models/RA-ALTA/fr-en-intermediate/c4d062171eae48d2abefff5130a4a169dfd5c6b8/config.json "HTTP/1.1 200 OK"
[07:52:33] [rank0] INFO HTTP Request: HEAD https://huggingface.co/RA-ALTA/fr-en-intermediate/resolve/main/model.safetensors "HTTP/1.1 302 Found"
[07:52:33] [rank0] INFO HTTP Request: GET https://huggingface.co/api/models/RA-ALTA/fr-en-intermediate/xet-read-token/c4d062171eae48d2abefff5130a4a169dfd5c6b8 "HTTP/1.1 200 OK"
Loading weights:   0%|          | 0/292 [00:00<?, ?it/s]Loading weights: 100%|██████████| 292/292 [00:00<00:00, 3134.36it/s]
[07:52:42] [rank0] INFO HTTP Request: HEAD https://huggingface.co/RA-ALTA/fr-en-intermediate/resolve/main/generation_config.json "HTTP/1.1 307 Temporary Redirect"
[07:52:42] [rank0] INFO HTTP Request: HEAD https://huggingface.co/api/resolve-cache/models/RA-ALTA/fr-en-intermediate/c4d062171eae48d2abefff5130a4a169dfd5c6b8/generation_config.json "HTTP/1.1 200 OK"
[07:52:42] [rank0] INFO HTTP Request: GET https://huggingface.co/api/resolve-cache/models/RA-ALTA/fr-en-intermediate/c4d062171eae48d2abefff5130a4a169dfd5c6b8/generation_config.json "HTTP/1.1 200 OK"
[07:52:42] [rank0] INFO HTTP Request: HEAD https://huggingface.co/RA-ALTA/fr-en-intermediate/resolve/main/custom_generate/generate.py "HTTP/1.1 404 Not Found"
[07:52:42] [rank0] INFO HTTP Request: HEAD https://huggingface.co/RA-ALTA/fr-en-intermediate/resolve/main/config.json "HTTP/1.1 307 Temporary Redirect"
[07:52:42] [rank0] INFO HTTP Request: HEAD https://huggingface.co/api/resolve-cache/models/RA-ALTA/fr-en-intermediate/c4d062171eae48d2abefff5130a4a169dfd5c6b8/config.json "HTTP/1.1 200 OK"
[07:52:43] [rank0] INFO HTTP Request: HEAD https://huggingface.co/RA-ALTA/fr-en-intermediate/resolve/main/tokenizer_config.json "HTTP/1.1 307 Temporary Redirect"
[07:52:43] [rank0] INFO HTTP Request: HEAD https://huggingface.co/api/resolve-cache/models/RA-ALTA/fr-en-intermediate/c4d062171eae48d2abefff5130a4a169dfd5c6b8/tokenizer_config.json "HTTP/1.1 200 OK"
[07:52:43] [rank0] INFO HTTP Request: GET https://huggingface.co/api/resolve-cache/models/RA-ALTA/fr-en-intermediate/c4d062171eae48d2abefff5130a4a169dfd5c6b8/tokenizer_config.json "HTTP/1.1 200 OK"
[07:52:43] [rank0] INFO HTTP Request: HEAD https://huggingface.co/RA-ALTA/fr-en-intermediate/resolve/main/tokenizer_config.json "HTTP/1.1 307 Temporary Redirect"
[07:52:43] [rank0] INFO HTTP Request: HEAD https://huggingface.co/api/resolve-cache/models/RA-ALTA/fr-en-intermediate/c4d062171eae48d2abefff5130a4a169dfd5c6b8/tokenizer_config.json "HTTP/1.1 200 OK"
[07:52:43] [rank0] INFO HTTP Request: GET https://huggingface.co/api/models/RA-ALTA/fr-en-intermediate/tree/main/additional_chat_templates?recursive=false&expand=false "HTTP/1.1 404 Not Found"
[07:52:43] [rank0] INFO HTTP Request: GET https://huggingface.co/api/models/RA-ALTA/fr-en-intermediate/tree/main?recursive=true&expand=false "HTTP/1.1 200 OK"
[07:52:43] [rank0] INFO HTTP Request: HEAD https://huggingface.co/RA-ALTA/fr-en-intermediate/resolve/main/tokenizer.json "HTTP/1.1 307 Temporary Redirect"
[07:52:43] [rank0] INFO HTTP Request: HEAD https://huggingface.co/api/resolve-cache/models/RA-ALTA/fr-en-intermediate/c4d062171eae48d2abefff5130a4a169dfd5c6b8/tokenizer.json "HTTP/1.1 200 OK"
[07:52:43] [rank0] INFO HTTP Request: GET https://huggingface.co/api/resolve-cache/models/RA-ALTA/fr-en-intermediate/c4d062171eae48d2abefff5130a4a169dfd5c6b8/tokenizer.json "HTTP/1.1 200 OK"
[07:52:44] [rank0] INFO HTTP Request: HEAD https://huggingface.co/RA-ALTA/fr-en-intermediate/resolve/main/tokenizer.model "HTTP/1.1 404 Not Found"
[07:52:44] [rank0] INFO HTTP Request: HEAD https://huggingface.co/RA-ALTA/fr-en-intermediate/resolve/main/added_tokens.json "HTTP/1.1 404 Not Found"
[07:52:44] [rank0] INFO HTTP Request: HEAD https://huggingface.co/RA-ALTA/fr-en-intermediate/resolve/main/special_tokens_map.json "HTTP/1.1 404 Not Found"
[07:52:44] [rank0] INFO HTTP Request: HEAD https://huggingface.co/RA-ALTA/fr-en-intermediate/resolve/main/chat_template.jinja "HTTP/1.1 404 Not Found"
[07:52:44] [rank0] INFO   Model loaded.
[07:52:46] [rank0] INFO   adjunct_island                                 acc=0.8330  (833/1000)
[07:52:47] [rank0] INFO   anaphor_gender_agreement                       acc=0.7970  (797/1000)
[07:52:48] [rank0] INFO   anaphor_number_agreement                       acc=0.9430  (943/1000)
[07:52:49] [rank0] INFO   animate_subject_passive                        acc=0.7080  (708/1000)
[07:52:50] [rank0] INFO   animate_subject_trans                          acc=0.8830  (883/1000)
[07:52:52] [rank0] INFO   causative                                      acc=0.6170  (617/1000)
[07:52:53] [rank0] INFO   complex_NP_island                              acc=0.5330  (533/1000)
[07:52:54] [rank0] INFO   coordinate_structure_constraint_complex_left_branch  acc=0.3670  (367/1000)
[07:52:55] [rank0] INFO   coordinate_structure_constraint_object_extraction  acc=0.8010  (801/1000)
[07:52:56] [rank0] INFO   determiner_noun_agreement_1                    acc=0.9620  (962/1000)
[07:52:57] [rank0] INFO   determiner_noun_agreement_2                    acc=0.9430  (943/1000)
[07:52:58] [rank0] INFO   determiner_noun_agreement_irregular_1          acc=0.8670  (867/1000)
[07:52:59] [rank0] INFO   determiner_noun_agreement_irregular_2          acc=0.9220  (922/1000)
[07:53:01] [rank0] INFO   determiner_noun_agreement_with_adj_2           acc=0.8960  (896/1000)
[07:53:02] [rank0] INFO   determiner_noun_agreement_with_adj_irregular_1  acc=0.8230  (823/1000)
[07:53:03] [rank0] INFO   determiner_noun_agreement_with_adj_irregular_2  acc=0.8750  (875/1000)
[07:53:04] [rank0] INFO   determiner_noun_agreement_with_adjective_1     acc=0.9250  (925/1000)
[07:53:05] [rank0] INFO   distractor_agreement_relational_noun           acc=0.7770  (777/1000)
[07:53:07] [rank0] INFO   distractor_agreement_relative_clause           acc=0.5130  (513/1000)
[07:53:08] [rank0] INFO   drop_argument                                  acc=0.7440  (744/1000)
[07:53:09] [rank0] INFO   ellipsis_n_bar_1                               acc=0.7440  (744/1000)
[07:53:11] [rank0] INFO   ellipsis_n_bar_2                               acc=0.8600  (860/1000)
[07:53:12] [rank0] INFO   existential_there_object_raising               acc=0.7740  (774/1000)
[07:53:13] [rank0] INFO   existential_there_quantifiers_1                acc=0.9730  (973/1000)
[07:53:15] [rank0] INFO   existential_there_quantifiers_2                acc=0.1800  (180/1000)
[07:53:16] [rank0] INFO   existential_there_subject_raising              acc=0.8510  (851/1000)
[07:53:17] [rank0] INFO   expletive_it_object_raising                    acc=0.7490  (749/1000)
[07:53:19] [rank0] INFO   inchoative                                     acc=0.5360  (536/1000)
[07:53:20] [rank0] INFO   intransitive                                   acc=0.6760  (676/1000)
[07:53:21] [rank0] INFO   irregular_past_participle_adjectives           acc=0.9810  (981/1000)
[07:53:23] [rank0] INFO   irregular_past_participle_verbs                acc=0.8150  (815/1000)
[07:53:24] [rank0] INFO   irregular_plural_subject_verb_agreement_1      acc=0.8280  (828/1000)
[07:53:25] [rank0] INFO   irregular_plural_subject_verb_agreement_2      acc=0.8370  (837/1000)
[07:53:27] [rank0] INFO   left_branch_island_echo_question               acc=0.4610  (461/1000)
[07:53:28] [rank0] INFO   left_branch_island_simple_question             acc=0.3420  (342/1000)
[07:53:29] [rank0] INFO   matrix_question_npi_licensor_present           acc=0.1870  (187/1000)
[07:53:31] [rank0] INFO   npi_present_1                                  acc=0.2870  (287/1000)
[07:53:32] [rank0] INFO   npi_present_2                                  acc=0.3470  (347/1000)
[07:53:33] [rank0] INFO   only_npi_licensor_present                      acc=0.2670  (267/1000)
[07:53:35] [rank0] INFO   only_npi_scope                                 acc=0.1040  (104/1000)
[07:53:36] [rank0] INFO   passive_1                                      acc=0.8650  (865/1000)
[07:53:37] [rank0] INFO   passive_2                                      acc=0.8630  (863/1000)
[07:53:39] [rank0] INFO   principle_A_c_command                          acc=0.5730  (573/1000)
[07:53:40] [rank0] INFO   principle_A_case_1                             acc=1.0000  (1000/1000)
[07:53:41] [rank0] INFO   principle_A_case_2                             acc=0.9060  (906/1000)
[07:53:43] [rank0] INFO   principle_A_domain_1                           acc=0.9490  (949/1000)
[07:53:44] [rank0] INFO   principle_A_domain_2                           acc=0.7940  (794/1000)
[07:53:45] [rank0] INFO   principle_A_domain_3                           acc=0.5850  (585/1000)
[07:53:46] [rank0] INFO   principle_A_reconstruction                     acc=0.3160  (316/1000)
[07:53:48] [rank0] INFO   regular_plural_subject_verb_agreement_1        acc=0.8330  (833/1000)
[07:53:49] [rank0] INFO   regular_plural_subject_verb_agreement_2        acc=0.8430  (843/1000)
[07:53:50] [rank0] INFO   sentential_negation_npi_licensor_present       acc=0.8930  (893/1000)
[07:53:52] [rank0] INFO   sentential_negation_npi_scope                  acc=0.2920  (292/1000)
[07:53:53] [rank0] INFO   sentential_subject_island                      acc=0.2660  (266/1000)
[07:53:54] [rank0] INFO   superlative_quantifiers_1                      acc=0.7750  (775/1000)
[07:53:56] [rank0] INFO   superlative_quantifiers_2                      acc=0.7630  (763/1000)
[07:53:57] [rank0] INFO   tough_vs_raising_1                             acc=0.4150  (415/1000)
[07:53:58] [rank0] INFO   tough_vs_raising_2                             acc=0.8950  (895/1000)
[07:54:00] [rank0] INFO   transitive                                     acc=0.7740  (774/1000)
[07:54:01] [rank0] INFO   wh_island                                      acc=0.6630  (663/1000)
[07:54:02] [rank0] INFO   wh_questions_object_gap                        acc=0.5930  (593/1000)
[07:54:04] [rank0] INFO   wh_questions_subject_gap                       acc=0.8410  (841/1000)
[07:54:05] [rank0] INFO   wh_questions_subject_gap_long_distance         acc=0.8440  (844/1000)
[07:54:06] [rank0] INFO   wh_vs_that_no_gap                              acc=0.9310  (931/1000)
[07:54:08] [rank0] INFO   wh_vs_that_no_gap_long_distance                acc=0.9420  (942/1000)
[07:54:09] [rank0] INFO   wh_vs_that_with_gap                            acc=0.3930  (393/1000)
[07:54:10] [rank0] INFO   wh_vs_that_with_gap_long_distance              acc=0.2410  (241/1000)
[07:54:10] [rank0] INFO   ── Mean BLiMP accuracy across 67 phenomena: 0.6952
[07:54:10] [rank0] INFO   Model freed.

[07:54:10] [rank0] INFO Done. Results written to: /root/beetle-analyze/alta_blimp_results/blimp_results_alta.csv
