[07:51:10] [rank3] INFO Rank 3/8 — device: cuda:0
[07:51:10] [rank3] INFO This rank evaluates 2 model(s): ['RA-ALTA/es-en-intermediate', 'RA-ALTA/de-en-phase1-final']
[07:51:10] [rank3] INFO Rank 3: waiting for rank-0 to write BLiMP cache …
[07:51:10] [rank3] INFO Loading BLiMP pairs from cache: /root/beetle-analyze/alta_blimp_results/.blimp_cache.pkl
[07:51:10] [rank3] INFO Evaluating on 67 BLiMP phenomena.

[07:51:10] [rank3] INFO ============================================================
[07:51:10] [rank3] INFO Model: RA-ALTA/es-en-intermediate
[07:51:10] [rank3] INFO   67/67 phenomena to evaluate.
[07:51:10] [rank3] INFO HTTP Request: HEAD https://huggingface.co/RA-ALTA/es-en-intermediate/resolve/main/config.json "HTTP/1.1 307 Temporary Redirect"
[07:51:10] [rank3] INFO HTTP Request: HEAD https://huggingface.co/api/resolve-cache/models/RA-ALTA/es-en-intermediate/01eaba54198dbefef72c1af808e0dbfafcf89b19/config.json "HTTP/1.1 200 OK"
[07:51:10] [rank3] INFO HTTP Request: GET https://huggingface.co/api/resolve-cache/models/RA-ALTA/es-en-intermediate/01eaba54198dbefef72c1af808e0dbfafcf89b19/config.json "HTTP/1.1 200 OK"
`torch_dtype` is deprecated! Use `dtype` instead!
[07:51:11] [rank3] INFO HTTP Request: HEAD https://huggingface.co/RA-ALTA/es-en-intermediate/resolve/main/model.safetensors "HTTP/1.1 302 Found"
[07:51:11] [rank3] INFO HTTP Request: GET https://huggingface.co/api/models/RA-ALTA/es-en-intermediate/xet-read-token/01eaba54198dbefef72c1af808e0dbfafcf89b19 "HTTP/1.1 200 OK"
Loading weights:   0%|          | 0/292 [00:00<?, ?it/s]Loading weights: 100%|██████████| 292/292 [00:00<00:00, 4743.92it/s]
[07:51:17] [rank3] INFO HTTP Request: HEAD https://huggingface.co/RA-ALTA/es-en-intermediate/resolve/main/generation_config.json "HTTP/1.1 307 Temporary Redirect"
[07:51:17] [rank3] INFO HTTP Request: HEAD https://huggingface.co/api/resolve-cache/models/RA-ALTA/es-en-intermediate/01eaba54198dbefef72c1af808e0dbfafcf89b19/generation_config.json "HTTP/1.1 200 OK"
[07:51:17] [rank3] INFO HTTP Request: GET https://huggingface.co/api/resolve-cache/models/RA-ALTA/es-en-intermediate/01eaba54198dbefef72c1af808e0dbfafcf89b19/generation_config.json "HTTP/1.1 200 OK"
[07:51:17] [rank3] INFO HTTP Request: HEAD https://huggingface.co/RA-ALTA/es-en-intermediate/resolve/main/custom_generate/generate.py "HTTP/1.1 404 Not Found"
[07:51:18] [rank3] INFO HTTP Request: HEAD https://huggingface.co/RA-ALTA/es-en-intermediate/resolve/main/config.json "HTTP/1.1 307 Temporary Redirect"
Warning: You are sending unauthenticated requests to the HF Hub. Please set a HF_TOKEN to enable higher rate limits and faster downloads.
[07:51:18] [rank3] WARNING Warning: You are sending unauthenticated requests to the HF Hub. Please set a HF_TOKEN to enable higher rate limits and faster downloads.
[07:51:18] [rank3] INFO HTTP Request: HEAD https://huggingface.co/api/resolve-cache/models/RA-ALTA/es-en-intermediate/01eaba54198dbefef72c1af808e0dbfafcf89b19/config.json "HTTP/1.1 200 OK"
[07:51:18] [rank3] INFO HTTP Request: HEAD https://huggingface.co/RA-ALTA/es-en-intermediate/resolve/main/tokenizer_config.json "HTTP/1.1 307 Temporary Redirect"
[07:51:18] [rank3] INFO HTTP Request: HEAD https://huggingface.co/api/resolve-cache/models/RA-ALTA/es-en-intermediate/01eaba54198dbefef72c1af808e0dbfafcf89b19/tokenizer_config.json "HTTP/1.1 200 OK"
[07:51:18] [rank3] INFO HTTP Request: GET https://huggingface.co/api/resolve-cache/models/RA-ALTA/es-en-intermediate/01eaba54198dbefef72c1af808e0dbfafcf89b19/tokenizer_config.json "HTTP/1.1 200 OK"
[07:51:18] [rank3] INFO HTTP Request: HEAD https://huggingface.co/RA-ALTA/es-en-intermediate/resolve/main/tokenizer_config.json "HTTP/1.1 307 Temporary Redirect"
[07:51:18] [rank3] INFO HTTP Request: HEAD https://huggingface.co/api/resolve-cache/models/RA-ALTA/es-en-intermediate/01eaba54198dbefef72c1af808e0dbfafcf89b19/tokenizer_config.json "HTTP/1.1 200 OK"
[07:51:18] [rank3] INFO HTTP Request: GET https://huggingface.co/api/models/RA-ALTA/es-en-intermediate/tree/main/additional_chat_templates?recursive=false&expand=false "HTTP/1.1 404 Not Found"
[07:51:19] [rank3] INFO HTTP Request: GET https://huggingface.co/api/models/RA-ALTA/es-en-intermediate/tree/main?recursive=true&expand=false "HTTP/1.1 200 OK"
[07:51:19] [rank3] INFO HTTP Request: HEAD https://huggingface.co/RA-ALTA/es-en-intermediate/resolve/main/tokenizer.json "HTTP/1.1 307 Temporary Redirect"
[07:51:19] [rank3] INFO HTTP Request: HEAD https://huggingface.co/api/resolve-cache/models/RA-ALTA/es-en-intermediate/01eaba54198dbefef72c1af808e0dbfafcf89b19/tokenizer.json "HTTP/1.1 200 OK"
[07:51:19] [rank3] INFO HTTP Request: GET https://huggingface.co/api/resolve-cache/models/RA-ALTA/es-en-intermediate/01eaba54198dbefef72c1af808e0dbfafcf89b19/tokenizer.json "HTTP/1.1 200 OK"
[07:51:19] [rank3] INFO HTTP Request: HEAD https://huggingface.co/RA-ALTA/es-en-intermediate/resolve/main/tokenizer.model "HTTP/1.1 404 Not Found"
[07:51:19] [rank3] INFO HTTP Request: HEAD https://huggingface.co/RA-ALTA/es-en-intermediate/resolve/main/added_tokens.json "HTTP/1.1 404 Not Found"
[07:51:19] [rank3] INFO HTTP Request: HEAD https://huggingface.co/RA-ALTA/es-en-intermediate/resolve/main/special_tokens_map.json "HTTP/1.1 404 Not Found"
[07:51:19] [rank3] INFO HTTP Request: HEAD https://huggingface.co/RA-ALTA/es-en-intermediate/resolve/main/chat_template.jinja "HTTP/1.1 404 Not Found"
[07:51:20] [rank3] INFO   Model loaded.
[07:51:22] [rank3] INFO   adjunct_island                                 acc=0.8600  (860/1000)
[07:51:23] [rank3] INFO   anaphor_gender_agreement                       acc=0.8550  (855/1000)
[07:51:24] [rank3] INFO   anaphor_number_agreement                       acc=0.9460  (946/1000)
[07:51:25] [rank3] INFO   animate_subject_passive                        acc=0.7170  (717/1000)
[07:51:26] [rank3] INFO   animate_subject_trans                          acc=0.8920  (892/1000)
[07:51:27] [rank3] INFO   causative                                      acc=0.6120  (612/1000)
[07:51:29] [rank3] INFO   complex_NP_island                              acc=0.5540  (554/1000)
[07:51:30] [rank3] INFO   coordinate_structure_constraint_complex_left_branch  acc=0.3990  (399/1000)
[07:51:31] [rank3] INFO   coordinate_structure_constraint_object_extraction  acc=0.7890  (789/1000)
[07:51:32] [rank3] INFO   determiner_noun_agreement_1                    acc=0.9680  (968/1000)
[07:51:33] [rank3] INFO   determiner_noun_agreement_2                    acc=0.9580  (958/1000)
[07:51:35] [rank3] INFO   determiner_noun_agreement_irregular_1          acc=0.8810  (881/1000)
[07:51:36] [rank3] INFO   determiner_noun_agreement_irregular_2          acc=0.9260  (926/1000)
[07:51:37] [rank3] INFO   determiner_noun_agreement_with_adj_2           acc=0.9010  (901/1000)
[07:51:39] [rank3] INFO   determiner_noun_agreement_with_adj_irregular_1  acc=0.7630  (763/1000)
[07:51:40] [rank3] INFO   determiner_noun_agreement_with_adj_irregular_2  acc=0.8900  (890/1000)
[07:51:41] [rank3] INFO   determiner_noun_agreement_with_adjective_1     acc=0.9180  (918/1000)
[07:51:42] [rank3] INFO   distractor_agreement_relational_noun           acc=0.7710  (771/1000)
[07:51:44] [rank3] INFO   distractor_agreement_relative_clause           acc=0.5590  (559/1000)
[07:51:45] [rank3] INFO   drop_argument                                  acc=0.7600  (760/1000)
[07:51:46] [rank3] INFO   ellipsis_n_bar_1                               acc=0.6630  (663/1000)
[07:51:48] [rank3] INFO   ellipsis_n_bar_2                               acc=0.7910  (791/1000)
[07:51:49] [rank3] INFO   existential_there_object_raising               acc=0.8020  (802/1000)
[07:51:50] [rank3] INFO   existential_there_quantifiers_1                acc=0.9710  (971/1000)
[07:51:52] [rank3] INFO   existential_there_quantifiers_2                acc=0.1620  (162/1000)
[07:51:53] [rank3] INFO   existential_there_subject_raising              acc=0.8340  (834/1000)
[07:51:54] [rank3] INFO   expletive_it_object_raising                    acc=0.7440  (744/1000)
[07:51:55] [rank3] INFO   inchoative                                     acc=0.5510  (551/1000)
[07:51:57] [rank3] INFO   intransitive                                   acc=0.6920  (692/1000)
[07:51:58] [rank3] INFO   irregular_past_participle_adjectives           acc=0.9190  (919/1000)
[07:51:59] [rank3] INFO   irregular_past_participle_verbs                acc=0.8820  (882/1000)
[07:52:00] [rank3] INFO   irregular_plural_subject_verb_agreement_1      acc=0.8430  (843/1000)
[07:52:02] [rank3] INFO   irregular_plural_subject_verb_agreement_2      acc=0.8380  (838/1000)
[07:52:03] [rank3] INFO   left_branch_island_echo_question               acc=0.5360  (536/1000)
[07:52:04] [rank3] INFO   left_branch_island_simple_question             acc=0.3550  (355/1000)
[07:52:06] [rank3] INFO   matrix_question_npi_licensor_present           acc=0.0910  (91/1000)
[07:52:07] [rank3] INFO   npi_present_1                                  acc=0.4270  (427/1000)
[07:52:08] [rank3] INFO   npi_present_2                                  acc=0.4330  (433/1000)
[07:52:09] [rank3] INFO   only_npi_licensor_present                      acc=0.1480  (148/1000)
[07:52:11] [rank3] INFO   only_npi_scope                                 acc=0.1770  (177/1000)
[07:52:12] [rank3] INFO   passive_1                                      acc=0.8660  (866/1000)
[07:52:13] [rank3] INFO   passive_2                                      acc=0.8610  (861/1000)
[07:52:14] [rank3] INFO   principle_A_c_command                          acc=0.7050  (705/1000)
[07:52:16] [rank3] INFO   principle_A_case_1                             acc=1.0000  (1000/1000)
[07:52:17] [rank3] INFO   principle_A_case_2                             acc=0.8220  (822/1000)
[07:52:18] [rank3] INFO   principle_A_domain_1                           acc=0.9610  (961/1000)
[07:52:20] [rank3] INFO   principle_A_domain_2                           acc=0.7020  (702/1000)
[07:52:21] [rank3] INFO   principle_A_domain_3                           acc=0.5450  (545/1000)
[07:52:22] [rank3] INFO   principle_A_reconstruction                     acc=0.2730  (273/1000)
[07:52:23] [rank3] INFO   regular_plural_subject_verb_agreement_1        acc=0.8660  (866/1000)
[07:52:25] [rank3] INFO   regular_plural_subject_verb_agreement_2        acc=0.8530  (853/1000)
[07:52:26] [rank3] INFO   sentential_negation_npi_licensor_present       acc=0.9820  (982/1000)
[07:52:27] [rank3] INFO   sentential_negation_npi_scope                  acc=0.3970  (397/1000)
[07:52:29] [rank3] INFO   sentential_subject_island                      acc=0.3480  (348/1000)
[07:52:30] [rank3] INFO   superlative_quantifiers_1                      acc=0.7450  (745/1000)
[07:52:31] [rank3] INFO   superlative_quantifiers_2                      acc=0.8740  (874/1000)
[07:52:32] [rank3] INFO   tough_vs_raising_1                             acc=0.3470  (347/1000)
[07:52:34] [rank3] INFO   tough_vs_raising_2                             acc=0.9100  (910/1000)
[07:52:35] [rank3] INFO   transitive                                     acc=0.7690  (769/1000)
[07:52:36] [rank3] INFO   wh_island                                      acc=0.6980  (698/1000)
[07:52:37] [rank3] INFO   wh_questions_object_gap                        acc=0.6840  (684/1000)
[07:52:39] [rank3] INFO   wh_questions_subject_gap                       acc=0.9090  (909/1000)
[07:52:40] [rank3] INFO   wh_questions_subject_gap_long_distance         acc=0.8930  (893/1000)
[07:52:41] [rank3] INFO   wh_vs_that_no_gap                              acc=0.9710  (971/1000)
[07:52:42] [rank3] INFO   wh_vs_that_no_gap_long_distance                acc=0.9840  (984/1000)
[07:52:43] [rank3] INFO   wh_vs_that_with_gap                            acc=0.3900  (390/1000)
[07:52:45] [rank3] INFO   wh_vs_that_with_gap_long_distance              acc=0.1870  (187/1000)
[07:52:45] [rank3] INFO   ── Mean BLiMP accuracy across 67 phenomena: 0.7063
[07:52:45] [rank3] INFO   Model freed.

[07:52:45] [rank3] INFO ============================================================
[07:52:45] [rank3] INFO Model: RA-ALTA/de-en-phase1-final
[07:52:45] [rank3] INFO   67/67 phenomena to evaluate.
[07:52:46] [rank3] INFO HTTP Request: HEAD https://huggingface.co/RA-ALTA/de-en-phase1-final/resolve/main/config.json "HTTP/1.1 307 Temporary Redirect"
[07:52:46] [rank3] INFO HTTP Request: HEAD https://huggingface.co/api/resolve-cache/models/RA-ALTA/de-en-phase1-final/a7507a714b631a134b7a601696e578411c54a8a4/config.json "HTTP/1.1 200 OK"
[07:52:46] [rank3] INFO HTTP Request: GET https://huggingface.co/api/resolve-cache/models/RA-ALTA/de-en-phase1-final/a7507a714b631a134b7a601696e578411c54a8a4/config.json "HTTP/1.1 200 OK"
[07:52:46] [rank3] INFO HTTP Request: HEAD https://huggingface.co/RA-ALTA/de-en-phase1-final/resolve/main/model.safetensors "HTTP/1.1 302 Found"
[07:52:46] [rank3] INFO HTTP Request: GET https://huggingface.co/api/models/RA-ALTA/de-en-phase1-final/xet-read-token/a7507a714b631a134b7a601696e578411c54a8a4 "HTTP/1.1 200 OK"
Loading weights:   0%|          | 0/292 [00:00<?, ?it/s]Loading weights: 100%|██████████| 292/292 [00:00<00:00, 3827.92it/s]
[07:52:54] [rank3] INFO HTTP Request: HEAD https://huggingface.co/RA-ALTA/de-en-phase1-final/resolve/main/generation_config.json "HTTP/1.1 307 Temporary Redirect"
[07:52:54] [rank3] INFO HTTP Request: HEAD https://huggingface.co/api/resolve-cache/models/RA-ALTA/de-en-phase1-final/a7507a714b631a134b7a601696e578411c54a8a4/generation_config.json "HTTP/1.1 200 OK"
[07:52:54] [rank3] INFO HTTP Request: GET https://huggingface.co/api/resolve-cache/models/RA-ALTA/de-en-phase1-final/a7507a714b631a134b7a601696e578411c54a8a4/generation_config.json "HTTP/1.1 200 OK"
[07:52:54] [rank3] INFO HTTP Request: HEAD https://huggingface.co/RA-ALTA/de-en-phase1-final/resolve/main/custom_generate/generate.py "HTTP/1.1 404 Not Found"
[07:52:54] [rank3] INFO HTTP Request: HEAD https://huggingface.co/RA-ALTA/de-en-phase1-final/resolve/main/config.json "HTTP/1.1 307 Temporary Redirect"
[07:52:54] [rank3] INFO HTTP Request: HEAD https://huggingface.co/api/resolve-cache/models/RA-ALTA/de-en-phase1-final/a7507a714b631a134b7a601696e578411c54a8a4/config.json "HTTP/1.1 200 OK"
[07:52:54] [rank3] INFO HTTP Request: HEAD https://huggingface.co/RA-ALTA/de-en-phase1-final/resolve/main/tokenizer_config.json "HTTP/1.1 307 Temporary Redirect"
[07:52:55] [rank3] INFO HTTP Request: HEAD https://huggingface.co/api/resolve-cache/models/RA-ALTA/de-en-phase1-final/a7507a714b631a134b7a601696e578411c54a8a4/tokenizer_config.json "HTTP/1.1 200 OK"
[07:52:55] [rank3] INFO HTTP Request: GET https://huggingface.co/api/resolve-cache/models/RA-ALTA/de-en-phase1-final/a7507a714b631a134b7a601696e578411c54a8a4/tokenizer_config.json "HTTP/1.1 200 OK"
[07:52:55] [rank3] INFO HTTP Request: HEAD https://huggingface.co/RA-ALTA/de-en-phase1-final/resolve/main/tokenizer_config.json "HTTP/1.1 307 Temporary Redirect"
[07:52:55] [rank3] INFO HTTP Request: HEAD https://huggingface.co/api/resolve-cache/models/RA-ALTA/de-en-phase1-final/a7507a714b631a134b7a601696e578411c54a8a4/tokenizer_config.json "HTTP/1.1 200 OK"
[07:52:55] [rank3] INFO HTTP Request: GET https://huggingface.co/api/models/RA-ALTA/de-en-phase1-final/tree/main/additional_chat_templates?recursive=false&expand=false "HTTP/1.1 404 Not Found"
[07:52:55] [rank3] INFO HTTP Request: GET https://huggingface.co/api/models/RA-ALTA/de-en-phase1-final/tree/main?recursive=true&expand=false "HTTP/1.1 200 OK"
[07:52:55] [rank3] INFO HTTP Request: HEAD https://huggingface.co/RA-ALTA/de-en-phase1-final/resolve/main/tokenizer.json "HTTP/1.1 307 Temporary Redirect"
[07:52:55] [rank3] INFO HTTP Request: HEAD https://huggingface.co/api/resolve-cache/models/RA-ALTA/de-en-phase1-final/a7507a714b631a134b7a601696e578411c54a8a4/tokenizer.json "HTTP/1.1 200 OK"
[07:52:55] [rank3] INFO HTTP Request: GET https://huggingface.co/api/resolve-cache/models/RA-ALTA/de-en-phase1-final/a7507a714b631a134b7a601696e578411c54a8a4/tokenizer.json "HTTP/1.1 200 OK"
[07:52:56] [rank3] INFO HTTP Request: HEAD https://huggingface.co/RA-ALTA/de-en-phase1-final/resolve/main/tokenizer.model "HTTP/1.1 404 Not Found"
[07:52:56] [rank3] INFO HTTP Request: HEAD https://huggingface.co/RA-ALTA/de-en-phase1-final/resolve/main/added_tokens.json "HTTP/1.1 404 Not Found"
[07:52:56] [rank3] INFO HTTP Request: HEAD https://huggingface.co/RA-ALTA/de-en-phase1-final/resolve/main/special_tokens_map.json "HTTP/1.1 404 Not Found"
[07:52:56] [rank3] INFO HTTP Request: HEAD https://huggingface.co/RA-ALTA/de-en-phase1-final/resolve/main/chat_template.jinja "HTTP/1.1 404 Not Found"
[07:52:56] [rank3] INFO   Model loaded.
[07:52:57] [rank3] INFO   adjunct_island                                 acc=0.5780  (578/1000)
[07:52:58] [rank3] INFO   anaphor_gender_agreement                       acc=0.4850  (485/1000)
[07:52:59] [rank3] INFO   anaphor_number_agreement                       acc=0.7280  (728/1000)
[07:53:00] [rank3] INFO   animate_subject_passive                        acc=0.6300  (630/1000)
[07:53:02] [rank3] INFO   animate_subject_trans                          acc=0.8480  (848/1000)
[07:53:03] [rank3] INFO   causative                                      acc=0.4830  (483/1000)
[07:53:04] [rank3] INFO   complex_NP_island                              acc=0.5050  (505/1000)
[07:53:05] [rank3] INFO   coordinate_structure_constraint_complex_left_branch  acc=0.3940  (394/1000)
[07:53:06] [rank3] INFO   coordinate_structure_constraint_object_extraction  acc=0.6310  (631/1000)
[07:53:08] [rank3] INFO   determiner_noun_agreement_1                    acc=0.7220  (722/1000)
[07:53:09] [rank3] INFO   determiner_noun_agreement_2                    acc=0.5770  (577/1000)
[07:53:10] [rank3] INFO   determiner_noun_agreement_irregular_1          acc=0.5840  (584/1000)
[07:53:11] [rank3] INFO   determiner_noun_agreement_irregular_2          acc=0.5900  (590/1000)
[07:53:13] [rank3] INFO   determiner_noun_agreement_with_adj_2           acc=0.5440  (544/1000)
[07:53:14] [rank3] INFO   determiner_noun_agreement_with_adj_irregular_1  acc=0.5590  (559/1000)
[07:53:15] [rank3] INFO   determiner_noun_agreement_with_adj_irregular_2  acc=0.5710  (571/1000)
[07:53:17] [rank3] INFO   determiner_noun_agreement_with_adjective_1     acc=0.6260  (626/1000)
[07:53:18] [rank3] INFO   distractor_agreement_relational_noun           acc=0.3110  (311/1000)
[07:53:19] [rank3] INFO   distractor_agreement_relative_clause           acc=0.3300  (330/1000)
[07:53:20] [rank3] INFO   drop_argument                                  acc=0.7010  (701/1000)
[07:53:22] [rank3] INFO   ellipsis_n_bar_1                               acc=0.3790  (379/1000)
[07:53:23] [rank3] INFO   ellipsis_n_bar_2                               acc=0.6650  (665/1000)
[07:53:24] [rank3] INFO   existential_there_object_raising               acc=0.7510  (751/1000)
[07:53:26] [rank3] INFO   existential_there_quantifiers_1                acc=0.9140  (914/1000)
[07:53:27] [rank3] INFO   existential_there_quantifiers_2                acc=0.2890  (289/1000)
[07:53:28] [rank3] INFO   existential_there_subject_raising              acc=0.5530  (553/1000)
[07:53:30] [rank3] INFO   expletive_it_object_raising                    acc=0.6970  (697/1000)
[07:53:31] [rank3] INFO   inchoative                                     acc=0.3730  (373/1000)
[07:53:32] [rank3] INFO   intransitive                                   acc=0.4990  (499/1000)
[07:53:33] [rank3] INFO   irregular_past_participle_adjectives           acc=0.8540  (854/1000)
[07:53:35] [rank3] INFO   irregular_past_participle_verbs                acc=0.6490  (649/1000)
[07:53:36] [rank3] INFO   irregular_plural_subject_verb_agreement_1      acc=0.6050  (605/1000)
[07:53:37] [rank3] INFO   irregular_plural_subject_verb_agreement_2      acc=0.6560  (656/1000)
[07:53:39] [rank3] INFO   left_branch_island_echo_question               acc=0.7210  (721/1000)
[07:53:40] [rank3] INFO   left_branch_island_simple_question             acc=0.3320  (332/1000)
[07:53:41] [rank3] INFO   matrix_question_npi_licensor_present           acc=0.0120  (12/1000)
[07:53:42] [rank3] INFO   npi_present_1                                  acc=0.4000  (400/1000)
[07:53:44] [rank3] INFO   npi_present_2                                  acc=0.4070  (407/1000)
[07:53:45] [rank3] INFO   only_npi_licensor_present                      acc=0.5670  (567/1000)
[07:53:46] [rank3] INFO   only_npi_scope                                 acc=0.1790  (179/1000)
[07:53:47] [rank3] INFO   passive_1                                      acc=0.7110  (711/1000)
[07:53:49] [rank3] INFO   passive_2                                      acc=0.7090  (709/1000)
[07:53:50] [rank3] INFO   principle_A_c_command                          acc=0.5230  (523/1000)
[07:53:51] [rank3] INFO   principle_A_case_1                             acc=1.0000  (1000/1000)
[07:53:53] [rank3] INFO   principle_A_case_2                             acc=0.5100  (510/1000)
[07:53:54] [rank3] INFO   principle_A_domain_1                           acc=0.9570  (957/1000)
[07:53:55] [rank3] INFO   principle_A_domain_2                           acc=0.6000  (600/1000)
[07:53:56] [rank3] INFO   principle_A_domain_3                           acc=0.5350  (535/1000)
[07:53:58] [rank3] INFO   principle_A_reconstruction                     acc=0.2070  (207/1000)
[07:53:59] [rank3] INFO   regular_plural_subject_verb_agreement_1        acc=0.6930  (693/1000)
[07:54:00] [rank3] INFO   regular_plural_subject_verb_agreement_2        acc=0.5550  (555/1000)
[07:54:01] [rank3] INFO   sentential_negation_npi_licensor_present       acc=0.9730  (973/1000)
[07:54:03] [rank3] INFO   sentential_negation_npi_scope                  acc=0.2950  (295/1000)
[07:54:04] [rank3] INFO   sentential_subject_island                      acc=0.4060  (406/1000)
[07:54:05] [rank3] INFO   superlative_quantifiers_1                      acc=0.7400  (740/1000)
[07:54:07] [rank3] INFO   superlative_quantifiers_2                      acc=0.5450  (545/1000)
[07:54:08] [rank3] INFO   tough_vs_raising_1                             acc=0.4770  (477/1000)
[07:54:09] [rank3] INFO   tough_vs_raising_2                             acc=0.5660  (566/1000)
[07:54:11] [rank3] INFO   transitive                                     acc=0.6690  (669/1000)
[07:54:12] [rank3] INFO   wh_island                                      acc=0.3460  (346/1000)
[07:54:13] [rank3] INFO   wh_questions_object_gap                        acc=0.6260  (626/1000)
[07:54:14] [rank3] INFO   wh_questions_subject_gap                       acc=0.9770  (977/1000)
[07:54:16] [rank3] INFO   wh_questions_subject_gap_long_distance         acc=0.9650  (965/1000)
[07:54:17] [rank3] INFO   wh_vs_that_no_gap                              acc=0.9820  (982/1000)
[07:54:18] [rank3] INFO   wh_vs_that_no_gap_long_distance                acc=0.9730  (973/1000)
[07:54:19] [rank3] INFO   wh_vs_that_with_gap                            acc=0.0200  (20/1000)
[07:54:21] [rank3] INFO   wh_vs_that_with_gap_long_distance              acc=0.0250  (25/1000)
[07:54:21] [rank3] INFO   ── Mean BLiMP accuracy across 67 phenomena: 0.5744
[07:54:21] [rank3] INFO   Model freed.

[07:54:21] [rank3] INFO Done. Results written to: /root/beetle-analyze/alta_blimp_results/blimp_results_alta.csv
